TN:
SF:src\blocks\general\blocks.js
FN:26,(anonymous_1)
FN:44,(anonymous_2)
FN:61,(anonymous_3)
FN:82,(anonymous_4)
FN:99,(anonymous_5)
FNF:5
FNH:5
FNDA:1,(anonymous_1)
FNDA:1,(anonymous_2)
FNDA:1,(anonymous_3)
FNDA:1,(anonymous_4)
FNDA:1,(anonymous_5)
DA:25,1
DA:27,1
DA:28,1
DA:29,1
DA:31,1
DA:33,1
DA:34,1
DA:35,1
DA:43,1
DA:45,1
DA:48,1
DA:49,1
DA:50,1
DA:51,1
DA:52,1
DA:60,1
DA:62,1
DA:65,1
DA:67,1
DA:68,1
DA:69,1
DA:70,1
DA:71,1
DA:72,1
DA:73,1
DA:81,1
DA:83,1
DA:86,1
DA:87,1
DA:88,1
DA:89,1
DA:90,1
DA:98,1
DA:100,1
DA:103,1
DA:104,1
DA:105,1
DA:106,1
DA:107,1
LF:39
LH:39
BRF:0
BRH:0
end_of_record
TN:
SF:src\blocks\general\javascript.js
FN:27,(anonymous_1)
FN:41,(anonymous_2)
FN:53,(anonymous_3)
FN:65,(anonymous_4)
FN:77,(anonymous_5)
FNF:5
FNH:5
FNDA:1,(anonymous_1)
FNDA:1,(anonymous_2)
FNDA:1,(anonymous_3)
FNDA:1,(anonymous_4)
FNDA:1,(anonymous_5)
DA:27,1
DA:28,1
DA:29,1
DA:41,1
DA:42,1
DA:43,1
DA:44,1
DA:53,1
DA:54,1
DA:55,1
DA:56,1
DA:65,1
DA:66,1
DA:67,1
DA:68,1
DA:77,1
DA:78,1
DA:79,1
DA:80,1
LF:19
LH:19
BRF:0
BRH:0
end_of_record
TN:
SF:src\blocks\ev3\blocks.js
FN:26,(anonymous_1)
FN:51,(anonymous_2)
FN:70,(anonymous_3)
FN:89,(anonymous_4)
FN:108,(anonymous_5)
FN:132,(anonymous_6)
FN:157,(anonymous_7)
FN:182,(anonymous_8)
FN:202,(anonymous_9)
FN:222,(anonymous_10)
FN:242,(anonymous_11)
FN:262,(anonymous_12)
FN:282,(anonymous_13)
FN:302,(anonymous_14)
FN:328,(anonymous_15)
FN:353,(anonymous_16)
FN:378,(anonymous_17)
FN:401,(anonymous_18)
FN:418,(anonymous_19)
FN:437,(anonymous_20)
FN:462,(anonymous_21)
FN:487,(anonymous_22)
FN:510,(anonymous_23)
FN:533,(anonymous_24)
FN:556,(anonymous_25)
FN:586,(anonymous_26)
FN:601,(anonymous_27)
FN:616,(anonymous_28)
FN:631,(anonymous_29)
FN:646,(anonymous_30)
FN:666,(anonymous_31)
FN:686,(anonymous_32)
FN:707,(anonymous_33)
FN:727,(anonymous_34)
FN:747,(anonymous_35)
FN:764,(anonymous_36)
FN:779,(anonymous_37)
FNF:37
FNH:37
FNDA:1,(anonymous_1)
FNDA:1,(anonymous_2)
FNDA:1,(anonymous_3)
FNDA:1,(anonymous_4)
FNDA:1,(anonymous_5)
FNDA:1,(anonymous_6)
FNDA:1,(anonymous_7)
FNDA:1,(anonymous_8)
FNDA:1,(anonymous_9)
FNDA:1,(anonymous_10)
FNDA:1,(anonymous_11)
FNDA:1,(anonymous_12)
FNDA:1,(anonymous_13)
FNDA:1,(anonymous_14)
FNDA:1,(anonymous_15)
FNDA:1,(anonymous_16)
FNDA:1,(anonymous_17)
FNDA:1,(anonymous_18)
FNDA:1,(anonymous_19)
FNDA:1,(anonymous_20)
FNDA:1,(anonymous_21)
FNDA:1,(anonymous_22)
FNDA:1,(anonymous_23)
FNDA:1,(anonymous_24)
FNDA:1,(anonymous_25)
FNDA:1,(anonymous_26)
FNDA:1,(anonymous_27)
FNDA:1,(anonymous_28)
FNDA:1,(anonymous_29)
FNDA:1,(anonymous_30)
FNDA:1,(anonymous_31)
FNDA:1,(anonymous_32)
FNDA:1,(anonymous_33)
FNDA:1,(anonymous_34)
FNDA:1,(anonymous_35)
FNDA:1,(anonymous_36)
FNDA:1,(anonymous_37)
DA:25,1
DA:27,1
DA:34,1
DA:35,1
DA:36,1
DA:41,1
DA:42,1
DA:50,1
DA:52,1
DA:53,1
DA:54,1
DA:59,1
DA:60,1
DA:61,1
DA:69,1
DA:71,1
DA:72,1
DA:73,1
DA:78,1
DA:79,1
DA:80,1
DA:88,1
DA:90,1
DA:91,1
DA:92,1
DA:97,1
DA:98,1
DA:99,1
DA:107,1
DA:109,1
DA:110,1
DA:111,1
DA:120,1
DA:121,1
DA:122,1
DA:131,1
DA:133,1
DA:134,1
DA:135,1
DA:145,1
DA:146,1
DA:147,1
DA:156,1
DA:158,1
DA:159,1
DA:160,1
DA:170,1
DA:171,1
DA:172,1
DA:181,1
DA:183,1
DA:184,1
DA:185,1
DA:190,1
DA:191,1
DA:192,1
DA:201,1
DA:203,1
DA:204,1
DA:205,1
DA:210,1
DA:211,1
DA:212,1
DA:221,1
DA:223,1
DA:224,1
DA:225,1
DA:230,1
DA:231,1
DA:232,1
DA:241,1
DA:243,1
DA:244,1
DA:245,1
DA:250,1
DA:251,1
DA:252,1
DA:261,1
DA:263,1
DA:264,1
DA:265,1
DA:270,1
DA:271,1
DA:272,1
DA:281,1
DA:283,1
DA:284,1
DA:285,1
DA:290,1
DA:291,1
DA:292,1
DA:301,1
DA:303,1
DA:304,1
DA:305,1
DA:316,1
DA:317,1
DA:318,1
DA:327,1
DA:329,1
DA:330,1
DA:331,1
DA:341,1
DA:342,1
DA:343,1
DA:352,1
DA:354,1
DA:355,1
DA:356,1
DA:366,1
DA:367,1
DA:368,1
DA:377,1
DA:379,1
DA:380,1
DA:381,1
DA:389,1
DA:390,1
DA:391,1
DA:400,1
DA:402,1
DA:403,1
DA:404,1
DA:407,1
DA:408,1
DA:409,1
DA:417,1
DA:419,1
DA:420,1
DA:421,1
DA:426,1
DA:427,1
DA:428,1
DA:436,1
DA:438,1
DA:439,1
DA:440,1
DA:450,1
DA:451,1
DA:452,1
DA:461,1
DA:463,1
DA:464,1
DA:465,1
DA:475,1
DA:476,1
DA:477,1
DA:486,1
DA:488,1
DA:489,1
DA:490,1
DA:499,1
DA:500,1
DA:501,1
DA:509,1
DA:511,1
DA:512,1
DA:513,1
DA:522,1
DA:523,1
DA:524,1
DA:532,1
DA:534,1
DA:535,1
DA:536,1
DA:545,1
DA:546,1
DA:547,1
DA:555,1
DA:557,1
DA:558,1
DA:559,1
DA:575,1
DA:576,1
DA:577,1
DA:585,1
DA:587,1
DA:588,1
DA:589,1
DA:591,1
DA:592,1
DA:600,1
DA:602,1
DA:603,1
DA:604,1
DA:606,1
DA:607,1
DA:615,1
DA:617,1
DA:618,1
DA:619,1
DA:621,1
DA:622,1
DA:630,1
DA:632,1
DA:633,1
DA:634,1
DA:636,1
DA:637,1
DA:645,1
DA:647,1
DA:648,1
DA:649,1
DA:652,1
DA:654,1
DA:655,1
DA:656,1
DA:665,1
DA:667,1
DA:668,1
DA:669,1
DA:672,1
DA:674,1
DA:675,1
DA:676,1
DA:685,1
DA:687,1
DA:688,1
DA:689,1
DA:692,1
DA:694,1
DA:695,1
DA:696,1
DA:706,1
DA:708,1
DA:709,1
DA:710,1
DA:713,1
DA:715,1
DA:716,1
DA:717,1
DA:726,1
DA:728,1
DA:729,1
DA:730,1
DA:733,1
DA:735,1
DA:736,1
DA:737,1
DA:746,1
DA:748,1
DA:749,1
DA:750,1
DA:753,1
DA:754,1
DA:755,1
DA:763,1
DA:765,1
DA:766,1
DA:767,1
DA:769,1
DA:770,1
DA:778,1
DA:780,1
DA:781,1
DA:783,1
DA:784,1
DA:785,1
DA:787,1
DA:788,1
LF:260
LH:260
BRF:0
BRH:0
end_of_record
TN:
SF:src\blocks\ev3\javascript.js
FN:27,(anonymous_1)
FN:38,(anonymous_2)
FN:49,(anonymous_3)
FN:60,(anonymous_4)
FN:71,(anonymous_5)
FN:85,(anonymous_6)
FN:99,(anonymous_7)
FN:113,(anonymous_8)
FN:124,(anonymous_9)
FN:135,(anonymous_10)
FN:146,(anonymous_11)
FN:157,(anonymous_12)
FN:173,(anonymous_13)
FN:188,(anonymous_14)
FN:202,(anonymous_15)
FN:213,(anonymous_16)
FN:224,(anonymous_17)
FN:237,(anonymous_18)
FN:247,(anonymous_19)
FN:258,(anonymous_20)
FN:271,(anonymous_21)
FN:285,(anonymous_22)
FN:308,(anonymous_23)
FN:331,(anonymous_24)
FN:353,(anonymous_25)
FN:363,(anonymous_26)
FN:373,(anonymous_27)
FN:383,(anonymous_28)
FN:395,(anonymous_29)
FN:407,(anonymous_30)
FN:419,(anonymous_31)
FN:431,(anonymous_32)
FN:444,(anonymous_33)
FN:456,(anonymous_34)
FN:465,(anonymous_35)
FN:476,(anonymous_36)
FN:509,(anonymous_37)
FNF:37
FNH:37
FNDA:1,(anonymous_1)
FNDA:1,(anonymous_2)
FNDA:1,(anonymous_3)
FNDA:1,(anonymous_4)
FNDA:1,(anonymous_5)
FNDA:1,(anonymous_6)
FNDA:1,(anonymous_7)
FNDA:1,(anonymous_8)
FNDA:1,(anonymous_9)
FNDA:1,(anonymous_10)
FNDA:1,(anonymous_11)
FNDA:1,(anonymous_12)
FNDA:1,(anonymous_13)
FNDA:1,(anonymous_14)
FNDA:1,(anonymous_15)
FNDA:1,(anonymous_16)
FNDA:1,(anonymous_17)
FNDA:1,(anonymous_18)
FNDA:1,(anonymous_19)
FNDA:1,(anonymous_20)
FNDA:1,(anonymous_21)
FNDA:1,(anonymous_22)
FNDA:1,(anonymous_23)
FNDA:1,(anonymous_24)
FNDA:1,(anonymous_25)
FNDA:1,(anonymous_26)
FNDA:1,(anonymous_27)
FNDA:1,(anonymous_28)
FNDA:1,(anonymous_29)
FNDA:1,(anonymous_30)
FNDA:1,(anonymous_31)
FNDA:1,(anonymous_32)
FNDA:1,(anonymous_33)
FNDA:1,(anonymous_34)
FNDA:1,(anonymous_35)
FNDA:1,(anonymous_36)
FNDA:1,(anonymous_37)
DA:27,1
DA:28,1
DA:29,1
DA:38,1
DA:39,1
DA:40,1
DA:49,1
DA:50,1
DA:51,1
DA:60,1
DA:61,1
DA:62,1
DA:71,1
DA:72,1
DA:73,1
DA:74,1
DA:75,1
DA:85,1
DA:86,1
DA:87,1
DA:88,1
DA:89,1
DA:99,1
DA:100,1
DA:101,1
DA:102,1
DA:103,1
DA:113,1
DA:114,1
DA:115,1
DA:124,1
DA:125,1
DA:126,1
DA:135,1
DA:136,1
DA:137,1
DA:146,1
DA:147,1
DA:148,1
DA:157,1
DA:158,1
DA:159,1
DA:160,1
DA:161,1
DA:162,1
DA:163,1
DA:173,1
DA:174,1
DA:175,1
DA:176,1
DA:177,1
DA:178,1
DA:188,1
DA:189,1
DA:190,1
DA:191,1
DA:192,1
DA:193,1
DA:202,1
DA:203,1
DA:204,1
DA:213,1
DA:214,1
DA:215,1
DA:224,1
DA:225,1
DA:226,1
DA:227,1
DA:229,0
DA:237,1
DA:238,1
DA:247,1
DA:248,1
DA:249,1
DA:258,1
DA:259,1
DA:260,1
DA:261,1
DA:262,1
DA:271,1
DA:272,1
DA:273,1
DA:274,1
DA:275,1
DA:276,1
DA:285,1
DA:286,1
DA:287,1
DA:288,1
DA:290,1
DA:291,1
DA:293,0
DA:294,0
DA:296,0
DA:297,0
DA:299,1
DA:308,1
DA:309,1
DA:310,1
DA:311,1
DA:313,1
DA:314,1
DA:316,0
DA:317,0
DA:319,0
DA:320,0
DA:322,1
DA:331,1
DA:332,1
DA:333,1
DA:334,1
DA:336,1
DA:337,1
DA:339,0
DA:340,0
DA:342,0
DA:343,0
DA:345,1
DA:353,1
DA:354,1
DA:355,1
DA:363,1
DA:364,1
DA:365,1
DA:373,1
DA:374,1
DA:375,1
DA:383,1
DA:384,1
DA:386,1
DA:395,1
DA:396,1
DA:397,1
DA:407,1
DA:408,1
DA:409,1
DA:419,1
DA:420,1
DA:421,1
DA:431,1
DA:432,1
DA:433,1
DA:444,1
DA:445,1
DA:446,1
DA:456,1
DA:457,1
DA:465,1
DA:466,1
DA:467,1
DA:476,1
DA:477,1
DA:478,1
DA:479,1
DA:480,1
DA:481,1
DA:483,0
DA:484,0
DA:486,0
DA:487,0
DA:489,0
DA:490,0
DA:492,1
DA:494,0
DA:495,0
DA:497,0
DA:498,0
DA:500,1
DA:509,1
DA:510,1
DA:511,1
DA:520,1
LF:172
LH:149
BRDA:39,1,0,1
BRDA:39,1,1,0
BRDA:50,2,0,1
BRDA:50,2,1,0
BRDA:61,3,0,1
BRDA:61,3,1,0
BRDA:89,4,0,0
BRDA:89,4,1,1
BRDA:103,5,0,0
BRDA:103,5,1,1
BRDA:163,6,0,0
BRDA:163,6,1,1
BRDA:178,7,0,0
BRDA:178,7,1,1
BRDA:192,8,0,0
BRDA:192,8,1,1
BRDA:226,9,0,1
BRDA:226,9,1,0
BRDA:262,10,0,0
BRDA:262,10,1,1
BRDA:275,11,0,0
BRDA:275,11,1,1
BRDA:288,12,0,1
BRDA:288,12,1,0
BRDA:288,12,2,0
BRDA:311,13,0,1
BRDA:311,13,1,0
BRDA:311,13,2,0
BRDA:334,14,0,1
BRDA:334,14,1,0
BRDA:334,14,2,0
BRDA:481,15,0,0
BRDA:481,15,1,0
BRDA:481,15,2,0
BRDA:492,16,0,0
BRDA:492,16,1,0
BRDA:520,17,0,1
BRDA:520,17,1,0
BRF:38
BRH:15
end_of_record
TN:
SF:src\blocks\general\template.js
FN:26,(anonymous_1)
FN:35,(anonymous_2)
FN:44,(anonymous_3)
FN:53,(anonymous_4)
FN:62,(anonymous_5)
FN:71,(anonymous_6)
FN:80,(anonymous_7)
FN:89,(anonymous_8)
FN:98,(anonymous_9)
FN:107,(anonymous_10)
FN:116,(anonymous_11)
FN:125,(anonymous_12)
FN:134,(anonymous_13)
FN:143,(anonymous_14)
FNF:14
FNH:12
FNDA:91,(anonymous_1)
FNDA:0,(anonymous_2)
FNDA:17,(anonymous_3)
FNDA:2,(anonymous_4)
FNDA:0,(anonymous_5)
FNDA:2,(anonymous_6)
FNDA:8,(anonymous_7)
FNDA:9,(anonymous_8)
FNDA:4,(anonymous_9)
FNDA:8,(anonymous_10)
FNDA:2,(anonymous_11)
FNDA:1,(anonymous_12)
FNDA:1,(anonymous_13)
FNDA:7,(anonymous_14)
DA:20,1
DA:26,1
DA:27,91
DA:35,1
DA:36,0
DA:44,1
DA:45,17
DA:53,1
DA:54,2
DA:62,1
DA:63,0
DA:71,1
DA:72,2
DA:80,1
DA:81,8
DA:89,1
DA:90,9
DA:98,1
DA:99,4
DA:107,1
DA:108,8
DA:116,1
DA:117,2
DA:125,1
DA:126,1
DA:134,1
DA:135,1
DA:143,1
DA:144,7
LF:29
LH:27
BRF:0
BRH:0
end_of_record
TN:
SF:src\blocks\general\sample\javascript.js
FN:26,(anonymous_1)
FN:41,(anonymous_2)
FN:58,(anonymous_3)
FN:78,(anonymous_4)
FN:103,(anonymous_5)
FN:215,(anonymous_6)
FNF:6
FNH:6
FNDA:1,(anonymous_1)
FNDA:1,(anonymous_2)
FNDA:1,(anonymous_3)
FNDA:1,(anonymous_4)
FNDA:1,(anonymous_5)
FNDA:1,(anonymous_6)
DA:26,1
DA:27,1
DA:33,1
DA:41,1
DA:42,1
DA:50,1
DA:58,1
DA:59,1
DA:70,1
DA:78,1
DA:79,1
DA:95,1
DA:103,1
DA:104,1
DA:207,1
DA:215,1
DA:216,1
DA:289,1
LF:18
LH:18
BRF:0
BRH:0
end_of_record
TN:
SF:src\blocks\general\sample\blocks.js
FN:26,(anonymous_1)
FN:43,(anonymous_2)
FN:60,(anonymous_3)
FN:77,(anonymous_4)
FN:94,(anonymous_5)
FN:111,(anonymous_6)
FNF:6
FNH:6
FNDA:1,(anonymous_1)
FNDA:1,(anonymous_2)
FNDA:1,(anonymous_3)
FNDA:1,(anonymous_4)
FNDA:1,(anonymous_5)
FNDA:1,(anonymous_6)
DA:25,1
DA:27,1
DA:30,1
DA:31,1
DA:32,1
DA:33,1
DA:34,1
DA:42,1
DA:44,1
DA:47,1
DA:48,1
DA:49,1
DA:50,1
DA:51,1
DA:59,1
DA:61,1
DA:64,1
DA:65,1
DA:66,1
DA:67,1
DA:68,1
DA:76,1
DA:78,1
DA:81,1
DA:82,1
DA:83,1
DA:84,1
DA:85,1
DA:93,1
DA:95,1
DA:98,1
DA:99,1
DA:100,1
DA:101,1
DA:102,1
DA:110,1
DA:112,1
DA:115,1
DA:116,1
DA:117,1
DA:118,1
DA:119,1
LF:42
LH:42
BRF:0
BRH:0
end_of_record
TN:
SF:src\blocks\makeblock\mbot_ranger\javascript.js
FN:28,(anonymous_1)
FN:40,(anonymous_2)
FN:56,(anonymous_3)
FN:71,(anonymous_4)
FN:83,(anonymous_5)
FN:99,(anonymous_6)
FN:114,(anonymous_7)
FN:126,(anonymous_8)
FN:142,(anonymous_9)
FN:154,(anonymous_10)
FN:169,(anonymous_11)
FN:179,(anonymous_12)
FN:192,(anonymous_13)
FN:205,(anonymous_14)
FN:218,(anonymous_15)
FN:230,(anonymous_16)
FN:242,(anonymous_17)
FN:260,(anonymous_18)
FN:269,(anonymous_19)
FN:280,(anonymous_20)
FNF:20
FNH:20
FNDA:1,(anonymous_1)
FNDA:1,(anonymous_2)
FNDA:1,(anonymous_3)
FNDA:1,(anonymous_4)
FNDA:1,(anonymous_5)
FNDA:1,(anonymous_6)
FNDA:1,(anonymous_7)
FNDA:1,(anonymous_8)
FNDA:1,(anonymous_9)
FNDA:1,(anonymous_10)
FNDA:1,(anonymous_11)
FNDA:1,(anonymous_12)
FNDA:1,(anonymous_13)
FNDA:1,(anonymous_14)
FNDA:1,(anonymous_15)
FNDA:1,(anonymous_16)
FNDA:1,(anonymous_17)
FNDA:1,(anonymous_18)
FNDA:1,(anonymous_19)
FNDA:1,(anonymous_20)
DA:28,1
DA:29,1
DA:31,1
DA:40,1
DA:41,1
DA:43,1
DA:46,1
DA:56,1
DA:57,1
DA:59,1
DA:62,1
DA:71,1
DA:72,1
DA:74,1
DA:83,1
DA:84,1
DA:86,1
DA:89,1
DA:99,1
DA:100,1
DA:102,1
DA:105,1
DA:114,1
DA:115,1
DA:117,1
DA:126,1
DA:127,1
DA:129,1
DA:132,1
DA:142,1
DA:143,1
DA:145,1
DA:154,1
DA:155,1
DA:157,1
DA:160,1
DA:169,1
DA:170,1
DA:179,1
DA:180,1
DA:181,1
DA:192,1
DA:193,1
DA:194,1
DA:205,1
DA:206,1
DA:207,1
DA:218,1
DA:219,1
DA:220,1
DA:230,1
DA:231,1
DA:232,1
DA:233,1
DA:242,1
DA:243,1
DA:244,1
DA:249,1
DA:250,1
DA:251,1
DA:252,1
DA:260,1
DA:261,1
DA:262,1
DA:269,1
DA:270,1
DA:271,1
DA:280,1
DA:281,1
DA:282,1
LF:70
LH:70
BRDA:243,1,0,1
BRDA:243,1,1,0
BRF:2
BRH:1
end_of_record
TN:
SF:src\blocks\makeblock\mbot_ranger\blocks.js
FN:27,(anonymous_1)
FN:45,(anonymous_2)
FN:64,(anonymous_3)
FN:83,(anonymous_4)
FN:101,(anonymous_5)
FN:120,(anonymous_6)
FN:139,(anonymous_7)
FN:157,(anonymous_8)
FN:176,(anonymous_9)
FN:194,(anonymous_10)
FN:213,(anonymous_11)
FN:230,(anonymous_12)
FN:287,(anonymous_13)
FN:322,(anonymous_14)
FN:342,(anonymous_15)
FN:362,(anonymous_16)
FN:382,(anonymous_17)
FN:402,(anonymous_18)
FN:416,(anonymous_19)
FN:430,(anonymous_20)
FNF:20
FNH:20
FNDA:1,(anonymous_1)
FNDA:1,(anonymous_2)
FNDA:1,(anonymous_3)
FNDA:1,(anonymous_4)
FNDA:1,(anonymous_5)
FNDA:1,(anonymous_6)
FNDA:1,(anonymous_7)
FNDA:1,(anonymous_8)
FNDA:1,(anonymous_9)
FNDA:1,(anonymous_10)
FNDA:1,(anonymous_11)
FNDA:1,(anonymous_12)
FNDA:1,(anonymous_13)
FNDA:1,(anonymous_14)
FNDA:1,(anonymous_15)
FNDA:1,(anonymous_16)
FNDA:1,(anonymous_17)
FNDA:1,(anonymous_18)
FNDA:1,(anonymous_19)
FNDA:1,(anonymous_20)
DA:26,1
DA:28,1
DA:29,1
DA:30,1
DA:34,1
DA:35,1
DA:36,1
DA:44,1
DA:46,1
DA:47,1
DA:48,1
DA:51,1
DA:52,1
DA:53,1
DA:54,1
DA:55,1
DA:63,1
DA:65,1
DA:66,1
DA:67,1
DA:70,1
DA:71,1
DA:72,1
DA:73,1
DA:74,1
DA:82,1
DA:84,1
DA:85,1
DA:86,1
DA:90,1
DA:91,1
DA:92,1
DA:100,1
DA:102,1
DA:103,1
DA:104,1
DA:107,1
DA:108,1
DA:109,1
DA:110,1
DA:111,1
DA:119,1
DA:121,1
DA:122,1
DA:123,1
DA:126,1
DA:127,1
DA:128,1
DA:129,1
DA:130,1
DA:138,1
DA:140,1
DA:141,1
DA:142,1
DA:146,1
DA:147,1
DA:148,1
DA:156,1
DA:158,1
DA:159,1
DA:160,1
DA:163,1
DA:164,1
DA:165,1
DA:166,1
DA:167,1
DA:175,1
DA:177,1
DA:178,1
DA:179,1
DA:183,1
DA:184,1
DA:185,1
DA:193,1
DA:195,1
DA:196,1
DA:197,1
DA:200,1
DA:201,1
DA:202,1
DA:203,1
DA:204,1
DA:212,1
DA:214,1
DA:215,1
DA:216,1
DA:219,1
DA:220,1
DA:221,1
DA:229,1
DA:231,1
DA:248,1
DA:267,1
DA:268,1
DA:269,1
DA:276,1
DA:277,1
DA:278,1
DA:286,1
DA:288,1
DA:289,1
DA:290,1
DA:308,1
DA:310,1
DA:311,1
DA:312,1
DA:313,1
DA:321,1
DA:323,1
DA:324,1
DA:325,1
DA:328,1
DA:330,1
DA:331,1
DA:332,1
DA:341,1
DA:343,1
DA:344,1
DA:345,1
DA:348,1
DA:350,1
DA:351,1
DA:352,1
DA:361,1
DA:363,1
DA:364,1
DA:365,1
DA:368,1
DA:370,1
DA:371,1
DA:372,1
DA:381,1
DA:383,1
DA:384,1
DA:385,1
DA:388,1
DA:390,1
DA:391,1
DA:392,1
DA:401,1
DA:403,1
DA:404,1
DA:405,1
DA:406,1
DA:407,1
DA:415,1
DA:417,1
DA:418,1
DA:419,1
DA:420,1
DA:421,1
DA:429,1
DA:431,1
DA:432,1
DA:433,1
DA:438,1
DA:439,1
DA:440,1
LF:158
LH:158
BRF:0
BRH:0
end_of_record
TN:
SF:src\blocks\makeblock\mbot\javascript.js
FN:28,(anonymous_1)
FN:40,(anonymous_2)
FN:55,(anonymous_3)
FN:67,(anonymous_4)
FN:82,(anonymous_5)
FN:94,(anonymous_6)
FN:109,(anonymous_7)
FN:121,(anonymous_8)
FN:136,(anonymous_9)
FN:146,(anonymous_10)
FN:159,(anonymous_11)
FN:172,(anonymous_12)
FN:185,(anonymous_13)
FN:193,(anonymous_14)
FN:205,(anonymous_15)
FN:214,(anonymous_16)
FN:232,(anonymous_17)
FN:241,(anonymous_18)
FN:252,(anonymous_19)
FNF:19
FNH:19
FNDA:1,(anonymous_1)
FNDA:1,(anonymous_2)
FNDA:1,(anonymous_3)
FNDA:1,(anonymous_4)
FNDA:1,(anonymous_5)
FNDA:1,(anonymous_6)
FNDA:1,(anonymous_7)
FNDA:1,(anonymous_8)
FNDA:1,(anonymous_9)
FNDA:1,(anonymous_10)
FNDA:1,(anonymous_11)
FNDA:1,(anonymous_12)
FNDA:1,(anonymous_13)
FNDA:1,(anonymous_14)
FNDA:1,(anonymous_15)
FNDA:1,(anonymous_16)
FNDA:1,(anonymous_17)
FNDA:1,(anonymous_18)
FNDA:1,(anonymous_19)
DA:28,1
DA:29,1
DA:31,1
DA:40,1
DA:41,1
DA:43,1
DA:46,1
DA:55,1
DA:56,1
DA:58,1
DA:67,1
DA:68,1
DA:70,1
DA:73,1
DA:82,1
DA:83,1
DA:85,1
DA:94,1
DA:95,1
DA:97,1
DA:100,1
DA:109,1
DA:110,1
DA:112,1
DA:121,1
DA:122,1
DA:124,1
DA:127,1
DA:136,1
DA:137,1
DA:146,1
DA:147,1
DA:148,1
DA:159,1
DA:160,1
DA:161,1
DA:172,1
DA:173,1
DA:174,1
DA:185,1
DA:186,1
DA:187,1
DA:193,1
DA:194,1
DA:195,1
DA:196,1
DA:205,1
DA:206,1
DA:214,1
DA:215,1
DA:216,1
DA:221,1
DA:222,1
DA:223,1
DA:224,1
DA:232,1
DA:233,1
DA:234,1
DA:241,1
DA:242,1
DA:243,1
DA:252,1
DA:253,1
DA:254,1
LF:64
LH:64
BRDA:215,1,0,1
BRDA:215,1,1,0
BRF:2
BRH:1
end_of_record
TN:
SF:src\blocks\phaser\arcade_physics\blocks.js
FN:26,(anonymous_1)
FN:55,(anonymous_2)
FN:94,(anonymous_3)
FN:118,(anonymous_4)
FN:135,(anonymous_5)
FN:159,(anonymous_6)
FNF:6
FNH:6
FNDA:1,(anonymous_1)
FNDA:1,(anonymous_2)
FNDA:1,(anonymous_3)
FNDA:1,(anonymous_4)
FNDA:1,(anonymous_5)
FNDA:1,(anonymous_6)
DA:25,1
DA:27,1
DA:30,1
DA:35,1
DA:37,1
DA:40,1
DA:42,1
DA:43,1
DA:44,1
DA:45,1
DA:46,1
DA:54,1
DA:56,1
DA:59,1
DA:78,1
DA:81,1
DA:82,1
DA:83,1
DA:84,1
DA:85,1
DA:93,1
DA:95,1
DA:98,1
DA:100,1
DA:102,1
DA:105,1
DA:106,1
DA:107,1
DA:108,1
DA:109,1
DA:117,1
DA:119,1
DA:122,1
DA:123,1
DA:124,1
DA:125,1
DA:126,1
DA:134,1
DA:136,1
DA:139,1
DA:140,1
DA:142,1
DA:143,1
DA:145,1
DA:146,1
DA:147,1
DA:148,1
DA:149,1
DA:150,1
DA:158,1
DA:160,1
DA:162,1
DA:164,1
DA:165,1
DA:166,1
DA:167,1
DA:168,1
DA:169,1
LF:58
LH:58
BRF:0
BRH:0
end_of_record
TN:
SF:src\blocks\phaser\arcade_physics\javascript.js
FN:27,(anonymous_1)
FN:46,(anonymous_2)
FN:86,(anonymous_3)
FN:104,(anonymous_4)
FN:116,(anonymous_5)
FN:133,(anonymous_6)
FNF:6
FNH:6
FNDA:1,(anonymous_1)
FNDA:1,(anonymous_2)
FNDA:1,(anonymous_3)
FNDA:1,(anonymous_4)
FNDA:1,(anonymous_5)
FNDA:1,(anonymous_6)
DA:27,1
DA:28,1
DA:29,1
DA:31,1
DA:33,1
DA:35,1
DA:46,1
DA:47,1
DA:49,1
DA:50,1
DA:52,1
DA:54,0
DA:57,1
DA:64,0
DA:67,0
DA:69,0
DA:71,0
DA:73,0
DA:75,0
DA:86,1
DA:88,1
DA:90,1
DA:92,1
DA:94,1
DA:104,1
DA:105,1
DA:107,1
DA:116,1
DA:117,1
DA:119,1
DA:121,1
DA:122,1
DA:133,1
DA:134,1
DA:136,1
DA:138,1
LF:36
LH:29
BRDA:31,1,0,1
BRDA:31,1,1,1
BRDA:33,2,0,1
BRDA:33,2,1,1
BRDA:52,3,0,0
BRDA:52,3,1,1
BRDA:52,3,2,1
BRDA:52,3,3,0
BRDA:52,3,4,0
BRDA:52,3,5,0
BRDA:52,3,6,0
BRDA:52,3,7,0
BRDA:52,3,8,0
BRDA:52,3,9,0
BRDA:52,3,10,0
BRDA:52,3,11,0
BRDA:52,3,12,0
BRDA:65,4,0,0
BRDA:65,4,1,0
BRDA:90,5,0,1
BRDA:90,5,1,1
BRDA:92,6,0,1
BRDA:92,6,1,1
BRF:23
BRH:10
end_of_record
TN:
SF:src\blocks\makeblock\mbot\blocks.js
FN:27,(anonymous_1)
FN:45,(anonymous_2)
FN:64,(anonymous_3)
FN:82,(anonymous_4)
FN:101,(anonymous_5)
FN:119,(anonymous_6)
FN:138,(anonymous_7)
FN:156,(anonymous_8)
FN:175,(anonymous_9)
FN:192,(anonymous_10)
FN:235,(anonymous_11)
FN:260,(anonymous_12)
FN:276,(anonymous_13)
FN:296,(anonymous_14)
FN:316,(anonymous_15)
FN:336,(anonymous_16)
FN:356,(anonymous_17)
FN:370,(anonymous_18)
FN:384,(anonymous_19)
FNF:19
FNH:19
FNDA:1,(anonymous_1)
FNDA:1,(anonymous_2)
FNDA:1,(anonymous_3)
FNDA:1,(anonymous_4)
FNDA:1,(anonymous_5)
FNDA:1,(anonymous_6)
FNDA:1,(anonymous_7)
FNDA:1,(anonymous_8)
FNDA:1,(anonymous_9)
FNDA:1,(anonymous_10)
FNDA:1,(anonymous_11)
FNDA:1,(anonymous_12)
FNDA:1,(anonymous_13)
FNDA:1,(anonymous_14)
FNDA:1,(anonymous_15)
FNDA:1,(anonymous_16)
FNDA:1,(anonymous_17)
FNDA:1,(anonymous_18)
FNDA:1,(anonymous_19)
DA:26,1
DA:28,1
DA:29,1
DA:30,1
DA:34,1
DA:35,1
DA:36,1
DA:44,1
DA:46,1
DA:47,1
DA:48,1
DA:51,1
DA:52,1
DA:53,1
DA:54,1
DA:55,1
DA:63,1
DA:65,1
DA:66,1
DA:67,1
DA:71,1
DA:72,1
DA:73,1
DA:81,1
DA:83,1
DA:84,1
DA:85,1
DA:88,1
DA:89,1
DA:90,1
DA:91,1
DA:92,1
DA:100,1
DA:102,1
DA:103,1
DA:104,1
DA:108,1
DA:109,1
DA:110,1
DA:118,1
DA:120,1
DA:121,1
DA:122,1
DA:125,1
DA:126,1
DA:127,1
DA:128,1
DA:129,1
DA:137,1
DA:139,1
DA:140,1
DA:141,1
DA:145,1
DA:146,1
DA:147,1
DA:155,1
DA:157,1
DA:158,1
DA:159,1
DA:162,1
DA:163,1
DA:164,1
DA:165,1
DA:166,1
DA:174,1
DA:176,1
DA:177,1
DA:178,1
DA:181,1
DA:182,1
DA:183,1
DA:191,1
DA:193,1
DA:210,1
DA:215,1
DA:216,1
DA:217,1
DA:224,1
DA:225,1
DA:226,1
DA:234,1
DA:236,1
DA:237,1
DA:238,1
DA:246,1
DA:248,1
DA:249,1
DA:250,1
DA:251,1
DA:259,1
DA:261,1
DA:262,1
DA:263,1
DA:265,1
DA:266,1
DA:267,1
DA:275,1
DA:277,1
DA:278,1
DA:279,1
DA:282,1
DA:284,1
DA:285,1
DA:286,1
DA:295,1
DA:297,1
DA:298,1
DA:299,1
DA:302,1
DA:304,1
DA:305,1
DA:306,1
DA:315,1
DA:317,1
DA:318,1
DA:319,1
DA:322,1
DA:324,1
DA:325,1
DA:326,1
DA:335,1
DA:337,1
DA:338,1
DA:339,1
DA:342,1
DA:344,1
DA:345,1
DA:346,1
DA:355,1
DA:357,1
DA:358,1
DA:359,1
DA:360,1
DA:361,1
DA:369,1
DA:371,1
DA:372,1
DA:373,1
DA:374,1
DA:375,1
DA:383,1
DA:385,1
DA:386,1
DA:387,1
DA:392,1
DA:393,1
DA:394,1
LF:147
LH:147
BRF:0
BRH:0
end_of_record
TN:
SF:src\blocks\phaser\audio\blocks.js
FN:26,(anonymous_1)
FN:54,(anonymous_2)
FN:82,(anonymous_3)
FN:99,(anonymous_4)
FN:116,(anonymous_5)
FN:133,(anonymous_6)
FNF:6
FNH:6
FNDA:1,(anonymous_1)
FNDA:1,(anonymous_2)
FNDA:1,(anonymous_3)
FNDA:1,(anonymous_4)
FNDA:1,(anonymous_5)
FNDA:1,(anonymous_6)
DA:25,1
DA:27,1
DA:30,1
DA:41,1
DA:42,1
DA:43,1
DA:44,1
DA:45,1
DA:53,1
DA:55,1
DA:58,1
DA:69,1
DA:70,1
DA:71,1
DA:72,1
DA:73,1
DA:81,1
DA:83,1
DA:86,1
DA:87,1
DA:88,1
DA:89,1
DA:90,1
DA:98,1
DA:100,1
DA:103,1
DA:104,1
DA:105,1
DA:106,1
DA:107,1
DA:115,1
DA:117,1
DA:120,1
DA:121,1
DA:122,1
DA:123,1
DA:124,1
DA:132,1
DA:134,1
DA:137,1
DA:138,1
DA:139,1
DA:140,1
DA:141,1
LF:44
LH:44
BRF:0
BRH:0
end_of_record
TN:
SF:src\blocks\phaser\audio\javascript.js
FN:27,(anonymous_1)
FN:46,(anonymous_2)
FN:62,(anonymous_3)
FN:74,(anonymous_4)
FN:86,(anonymous_5)
FN:98,(anonymous_6)
FNF:6
FNH:6
FNDA:1,(anonymous_1)
FNDA:1,(anonymous_2)
FNDA:1,(anonymous_3)
FNDA:1,(anonymous_4)
FNDA:1,(anonymous_5)
FNDA:1,(anonymous_6)
DA:27,1
DA:28,1
DA:29,1
DA:30,1
DA:31,1
DA:33,1
DA:46,1
DA:47,1
DA:48,1
DA:49,1
DA:50,1
DA:52,1
DA:62,1
DA:63,1
DA:65,1
DA:74,1
DA:75,1
DA:77,1
DA:86,1
DA:87,1
DA:89,1
DA:98,1
DA:99,1
DA:101,1
LF:24
LH:24
BRDA:35,1,0,1
BRDA:35,1,1,1
BRDA:53,2,0,1
BRDA:53,2,1,1
BRF:4
BRH:4
end_of_record
TN:
SF:src\blocks\phaser\create\blocks.js
FN:26,(anonymous_1)
FN:47,(anonymous_2)
FN:65,(anonymous_3)
FN:84,(anonymous_4)
FN:107,(anonymous_5)
FN:127,(anonymous_6)
FNF:6
FNH:6
FNDA:1,(anonymous_1)
FNDA:1,(anonymous_2)
FNDA:1,(anonymous_3)
FNDA:1,(anonymous_4)
FNDA:1,(anonymous_5)
FNDA:1,(anonymous_6)
DA:25,1
DA:27,1
DA:30,1
DA:34,1
DA:35,1
DA:36,1
DA:37,1
DA:38,1
DA:46,1
DA:48,1
DA:52,1
DA:53,1
DA:54,1
DA:55,1
DA:56,1
DA:64,1
DA:66,1
DA:71,1
DA:72,1
DA:73,1
DA:74,1
DA:75,1
DA:83,1
DA:85,1
DA:94,1
DA:95,1
DA:96,1
DA:97,1
DA:98,1
DA:106,1
DA:108,1
DA:111,1
DA:114,1
DA:115,1
DA:116,1
DA:117,1
DA:118,1
DA:126,1
DA:128,1
DA:132,1
DA:134,1
DA:136,1
DA:137,1
DA:138,1
DA:139,1
DA:140,1
LF:46
LH:46
BRF:0
BRH:0
end_of_record
TN:
SF:src\blocks\phaser\debug\blocks.js
FN:26,(anonymous_1)
FN:43,(anonymous_2)
FN:60,(anonymous_3)
FNF:3
FNH:3
FNDA:1,(anonymous_1)
FNDA:1,(anonymous_2)
FNDA:1,(anonymous_3)
DA:25,1
DA:27,1
DA:30,1
DA:31,1
DA:32,1
DA:33,1
DA:34,1
DA:42,1
DA:44,1
DA:47,1
DA:48,1
DA:49,1
DA:50,1
DA:51,1
DA:59,1
DA:61,1
DA:64,1
DA:65,1
DA:66,1
DA:67,1
DA:68,1
LF:21
LH:21
BRF:0
BRH:0
end_of_record
TN:
SF:src\blocks\phaser\create\javascript.js
FN:27,(anonymous_1)
FN:41,(anonymous_2)
FN:52,(anonymous_3)
FN:63,(anonymous_4)
FN:80,(anonymous_5)
FN:93,(anonymous_6)
FNF:6
FNH:6
FNDA:1,(anonymous_1)
FNDA:1,(anonymous_2)
FNDA:1,(anonymous_3)
FNDA:1,(anonymous_4)
FNDA:1,(anonymous_5)
FNDA:1,(anonymous_6)
DA:27,1
DA:28,1
DA:29,1
DA:41,1
DA:42,1
DA:43,1
DA:52,1
DA:53,1
DA:54,1
DA:63,1
DA:64,1
DA:65,1
DA:66,1
DA:68,1
DA:80,1
DA:81,1
DA:82,1
DA:84,1
DA:93,1
DA:94,1
DA:96,1
DA:97,1
LF:22
LH:22
BRDA:65,1,0,1
BRDA:65,1,1,1
BRDA:67,2,0,1
BRDA:67,2,1,1
BRF:4
BRH:4
end_of_record
TN:
SF:src\blocks\phaser\debug\javascript.js
FN:26,(anonymous_1)
FN:35,(anonymous_2)
FN:45,(anonymous_3)
FNF:3
FNH:3
FNDA:1,(anonymous_1)
FNDA:1,(anonymous_2)
FNDA:1,(anonymous_3)
DA:26,1
DA:27,1
DA:35,1
DA:36,1
DA:45,1
DA:46,1
DA:49,1
LF:7
LH:7
BRF:0
BRH:0
end_of_record
TN:
SF:src\blocks\phaser\game\blocks.js
FN:26,(anonymous_1)
FN:47,(anonymous_2)
FN:71,(anonymous_3)
FN:89,(anonymous_4)
FNF:4
FNH:4
FNDA:1,(anonymous_1)
FNDA:1,(anonymous_2)
FNDA:1,(anonymous_3)
FNDA:1,(anonymous_4)
DA:25,1
DA:27,1
DA:35,1
DA:36,1
DA:37,1
DA:38,1
DA:46,1
DA:48,1
DA:56,1
DA:58,1
DA:59,1
DA:60,1
DA:61,1
DA:62,1
DA:70,1
DA:72,1
DA:76,1
DA:77,1
DA:78,1
DA:79,1
DA:80,1
DA:88,1
DA:90,1
DA:93,1
DA:94,1
DA:95,1
DA:96,1
DA:97,1
LF:28
LH:28
BRF:0
BRH:0
end_of_record
TN:
SF:src\blocks\phaser\game\javascript.js
FN:27,(anonymous_1)
FN:44,(anonymous_2)
FN:59,(anonymous_3)
FN:69,(anonymous_4)
FNF:4
FNH:4
FNDA:1,(anonymous_1)
FNDA:1,(anonymous_2)
FNDA:1,(anonymous_3)
FNDA:1,(anonymous_4)
DA:27,1
DA:28,1
DA:29,1
DA:31,1
DA:33,1
DA:44,1
DA:45,1
DA:46,1
DA:47,1
DA:48,1
DA:59,1
DA:60,1
DA:61,1
DA:69,1
DA:70,1
LF:15
LH:15
BRDA:30,1,0,1
BRDA:30,1,1,0
BRDA:32,2,0,1
BRDA:32,2,1,0
BRDA:50,3,0,0
BRDA:50,3,1,1
BRF:6
BRH:3
end_of_record
TN:
SF:src\blocks\phaser\generators\blocks.js
FN:26,(anonymous_1)
FN:94,(anonymous_2)
FNF:2
FNH:2
FNDA:1,(anonymous_1)
FNDA:1,(anonymous_2)
DA:25,1
DA:27,1
DA:30,1
DA:34,1
DA:38,1
DA:42,1
DA:46,1
DA:50,1
DA:54,1
DA:58,1
DA:61,1
DA:76,1
DA:80,1
DA:81,1
DA:82,1
DA:83,1
DA:84,1
DA:85,1
DA:93,1
DA:95,1
DA:98,1
DA:102,1
DA:106,1
DA:110,1
DA:114,1
DA:118,1
DA:121,1
DA:128,1
DA:143,1
DA:147,1
DA:148,1
DA:149,1
DA:150,1
DA:151,1
DA:152,1
LF:35
LH:35
BRF:0
BRH:0
end_of_record
TN:
SF:src\blocks\phaser\input\blocks.js
FN:26,(anonymous_1)
FN:48,(anonymous_2)
FN:68,(anonymous_3)
FN:88,(anonymous_4)
FN:117,(anonymous_5)
FN:137,(anonymous_6)
FN:162,(anonymous_7)
FN:187,(anonymous_8)
FN:205,(anonymous_9)
FN:223,(anonymous_10)
FN:246,(anonymous_11)
FNF:11
FNH:11
FNDA:1,(anonymous_1)
FNDA:1,(anonymous_2)
FNDA:1,(anonymous_3)
FNDA:1,(anonymous_4)
FNDA:1,(anonymous_5)
FNDA:1,(anonymous_6)
FNDA:1,(anonymous_7)
FNDA:1,(anonymous_8)
FNDA:1,(anonymous_9)
FNDA:1,(anonymous_10)
FNDA:1,(anonymous_11)
DA:25,1
DA:27,1
DA:31,1
DA:35,1
DA:36,1
DA:37,1
DA:38,1
DA:39,1
DA:47,1
DA:49,1
DA:52,1
DA:55,1
DA:56,1
DA:57,1
DA:58,1
DA:59,1
DA:67,1
DA:69,1
DA:72,1
DA:75,1
DA:76,1
DA:77,1
DA:78,1
DA:79,1
DA:87,1
DA:89,1
DA:92,1
DA:104,1
DA:105,1
DA:106,1
DA:107,1
DA:108,1
DA:116,1
DA:118,1
DA:121,1
DA:124,1
DA:125,1
DA:126,1
DA:127,1
DA:128,1
DA:136,1
DA:138,1
DA:140,1
DA:149,1
DA:150,1
DA:151,1
DA:152,1
DA:153,1
DA:161,1
DA:163,1
DA:165,1
DA:174,1
DA:175,1
DA:176,1
DA:177,1
DA:178,1
DA:186,1
DA:188,1
DA:190,1
DA:192,1
DA:193,1
DA:194,1
DA:195,1
DA:196,1
DA:204,1
DA:206,1
DA:208,1
DA:210,1
DA:211,1
DA:212,1
DA:213,1
DA:214,1
DA:222,1
DA:224,1
DA:226,1
DA:233,1
DA:234,1
DA:235,1
DA:236,1
DA:237,1
DA:245,1
DA:247,1
DA:249,1
DA:256,1
DA:257,1
DA:258,1
DA:259,1
DA:260,1
LF:88
LH:88
BRF:0
BRH:0
end_of_record
TN:
SF:src\blocks\phaser\input\javascript.js
FN:27,(anonymous_1)
FN:38,(anonymous_2)
FN:54,(anonymous_3)
FN:68,(anonymous_4)
FN:83,(anonymous_5)
FN:96,(anonymous_6)
FN:112,(anonymous_7)
FN:128,(anonymous_8)
FN:141,(anonymous_9)
FN:155,(anonymous_10)
FN:171,(anonymous_11)
FNF:11
FNH:11
FNDA:1,(anonymous_1)
FNDA:1,(anonymous_2)
FNDA:1,(anonymous_3)
FNDA:1,(anonymous_4)
FNDA:1,(anonymous_5)
FNDA:1,(anonymous_6)
FNDA:1,(anonymous_7)
FNDA:1,(anonymous_8)
FNDA:1,(anonymous_9)
FNDA:1,(anonymous_10)
FNDA:1,(anonymous_11)
DA:27,1
DA:28,1
DA:29,1
DA:38,1
DA:39,1
DA:41,1
DA:54,1
DA:55,1
DA:57,1
DA:68,1
DA:69,1
DA:70,1
DA:72,1
DA:83,1
DA:84,1
DA:86,1
DA:96,1
DA:98,1
DA:100,1
DA:101,1
DA:103,1
DA:112,1
DA:114,1
DA:116,1
DA:117,1
DA:119,1
DA:128,1
DA:129,1
DA:131,1
DA:132,1
DA:141,1
DA:143,1
DA:145,1
DA:146,1
DA:155,1
DA:157,1
DA:159,1
DA:160,1
DA:162,1
DA:171,1
DA:173,1
DA:175,1
DA:176,1
DA:178,1
LF:44
LH:44
BRF:0
BRH:0
end_of_record
TN:
SF:src\blocks\phaser\preload\blocks.js
FN:26,(anonymous_1)
FN:47,(anonymous_2)
FN:69,(anonymous_3)
FNF:3
FNH:3
FNDA:1,(anonymous_1)
FNDA:1,(anonymous_2)
FNDA:1,(anonymous_3)
DA:25,1
DA:27,1
DA:30,1
DA:34,1
DA:35,1
DA:36,1
DA:37,1
DA:38,1
DA:46,1
DA:48,1
DA:52,1
DA:55,1
DA:56,1
DA:57,1
DA:58,1
DA:59,1
DA:60,1
DA:68,1
DA:70,1
DA:74,1
DA:77,1
DA:78,1
DA:79,1
DA:80,1
DA:81,1
DA:82,1
LF:26
LH:26
BRF:0
BRH:0
end_of_record
TN:
SF:src\blocks\phaser\preload\javascript.js
FN:27,(anonymous_1)
FN:38,(anonymous_2)
FN:51,(anonymous_3)
FNF:3
FNH:3
FNDA:1,(anonymous_1)
FNDA:1,(anonymous_2)
FNDA:1,(anonymous_3)
DA:27,1
DA:28,1
DA:29,1
DA:38,1
DA:39,1
DA:40,1
DA:42,1
DA:51,1
DA:52,1
DA:53,1
DA:55,1
LF:11
LH:11
BRF:0
BRH:0
end_of_record
TN:
SF:src\blocks\phaser\generators\javascript.js
FN:27,(anonymous_1)
FN:61,(anonymous_2)
FNF:2
FNH:2
FNDA:1,(anonymous_1)
FNDA:1,(anonymous_2)
DA:27,1
DA:28,1
DA:30,1
DA:32,1
DA:34,1
DA:36,1
DA:38,1
DA:40,1
DA:42,1
DA:44,1
DA:46,1
DA:48,1
DA:61,1
DA:63,1
DA:65,1
DA:67,1
DA:69,1
DA:71,1
DA:73,1
DA:75,1
DA:77,1
DA:78,1
DA:80,1
LF:23
LH:23
BRF:0
BRH:0
end_of_record
TN:
SF:src\blocks\phaser\render\blocks.js
FN:26,(anonymous_1)
FNF:1
FNH:1
FNDA:1,(anonymous_1)
DA:25,1
DA:27,1
DA:30,1
DA:34,1
DA:35,1
DA:36,1
DA:37,1
DA:38,1
LF:8
LH:8
BRF:0
BRH:0
end_of_record
TN:
SF:src\blocks\phaser\sprite\blocks.js
FN:26,(anonymous_1)
FN:56,(anonymous_2)
FN:94,(anonymous_3)
FN:118,(anonymous_4)
FN:139,(anonymous_5)
FN:158,(anonymous_6)
FNF:6
FNH:6
FNDA:1,(anonymous_1)
FNDA:1,(anonymous_2)
FNDA:1,(anonymous_3)
FNDA:1,(anonymous_4)
FNDA:1,(anonymous_5)
FNDA:1,(anonymous_6)
DA:25,1
DA:27,1
DA:30,1
DA:36,1
DA:38,1
DA:41,1
DA:43,1
DA:44,1
DA:45,1
DA:46,1
DA:47,1
DA:55,1
DA:57,1
DA:60,1
DA:78,1
DA:81,1
DA:82,1
DA:83,1
DA:84,1
DA:85,1
DA:93,1
DA:95,1
DA:98,1
DA:100,1
DA:102,1
DA:105,1
DA:106,1
DA:107,1
DA:108,1
DA:109,1
DA:117,1
DA:119,1
DA:121,1
DA:127,1
DA:128,1
DA:129,1
DA:130,1
DA:138,1
DA:140,1
DA:143,1
DA:144,1
DA:145,1
DA:146,1
DA:147,1
DA:148,1
DA:149,1
DA:157,1
DA:159,1
DA:162,1
DA:164,1
DA:165,1
DA:166,1
DA:167,1
DA:168,1
LF:54
LH:54
BRF:0
BRH:0
end_of_record
TN:
SF:src\blocks\phaser\sprite\javascript.js
FN:27,(anonymous_1)
FN:45,(anonymous_2)
FN:73,(anonymous_3)
FN:90,(anonymous_4)
FN:104,(anonymous_5)
FN:116,(anonymous_6)
FNF:6
FNH:6
FNDA:1,(anonymous_1)
FNDA:1,(anonymous_2)
FNDA:1,(anonymous_3)
FNDA:1,(anonymous_4)
FNDA:1,(anonymous_5)
FNDA:1,(anonymous_6)
DA:27,1
DA:28,1
DA:29,1
DA:31,1
DA:33,1
DA:35,1
DA:45,1
DA:46,1
DA:48,1
DA:49,1
DA:51,1
DA:53,0
DA:55,0
DA:57,0
DA:59,0
DA:61,0
DA:63,1
DA:73,1
DA:74,1
DA:76,1
DA:78,1
DA:80,1
DA:90,1
DA:91,1
DA:93,1
DA:94,1
DA:95,1
DA:104,1
DA:105,1
DA:107,1
DA:116,1
DA:117,1
DA:119,1
LF:33
LH:28
BRDA:31,1,0,1
BRDA:31,1,1,1
BRDA:33,2,0,1
BRDA:33,2,1,1
BRDA:51,3,0,0
BRDA:51,3,1,0
BRDA:51,3,2,0
BRDA:51,3,3,0
BRDA:51,3,4,0
BRDA:51,3,5,1
BRDA:76,4,0,1
BRDA:76,4,1,1
BRDA:78,5,0,1
BRDA:78,5,1,1
BRF:14
BRH:9
end_of_record
TN:
SF:src\blocks\phaser\render\javascript.js
FN:27,(anonymous_1)
FNF:1
FNH:1
FNDA:1,(anonymous_1)
DA:27,1
DA:28,1
DA:29,1
LF:3
LH:3
BRF:0
BRH:0
end_of_record
TN:
SF:src\blocks\phaser\text\blocks.js
FN:26,(anonymous_1)
FN:72,(anonymous_2)
FN:121,(anonymous_3)
FN:170,(anonymous_4)
FN:190,(anonymous_5)
FN:205,(anonymous_6)
FNF:6
FNH:6
FNDA:1,(anonymous_1)
FNDA:1,(anonymous_2)
FNDA:1,(anonymous_3)
FNDA:1,(anonymous_4)
FNDA:1,(anonymous_5)
FNDA:1,(anonymous_6)
DA:25,1
DA:27,1
DA:31,1
DA:34,1
DA:37,1
DA:59,1
DA:60,1
DA:61,1
DA:62,1
DA:63,1
DA:71,1
DA:73,1
DA:76,1
DA:78,1
DA:80,1
DA:83,1
DA:86,1
DA:108,1
DA:109,1
DA:110,1
DA:111,1
DA:112,1
DA:120,1
DA:122,1
DA:125,1
DA:127,1
DA:129,1
DA:132,1
DA:135,1
DA:157,1
DA:158,1
DA:159,1
DA:160,1
DA:161,1
DA:169,1
DA:171,1
DA:174,1
DA:176,1
DA:177,1
DA:178,1
DA:179,1
DA:180,1
DA:181,1
DA:189,1
DA:191,1
DA:193,1
DA:194,1
DA:195,1
DA:196,1
DA:204,1
DA:206,1
DA:209,1
DA:211,1
DA:212,1
DA:213,1
DA:214,1
DA:215,1
DA:216,1
LF:58
LH:58
BRF:0
BRH:0
end_of_record
TN:
SF:src\blocks\phaser\text\javascript.js
FN:27,(anonymous_1)
FN:51,(anonymous_2)
FN:77,(anonymous_3)
FN:105,(anonymous_4)
FN:119,(anonymous_5)
FN:133,(anonymous_6)
FNF:6
FNH:6
FNDA:1,(anonymous_1)
FNDA:1,(anonymous_2)
FNDA:1,(anonymous_3)
FNDA:1,(anonymous_4)
FNDA:1,(anonymous_5)
FNDA:1,(anonymous_6)
DA:27,1
DA:28,1
DA:29,1
DA:30,1
DA:31,1
DA:33,1
DA:35,1
DA:37,1
DA:38,0
DA:40,1
DA:51,1
DA:52,1
DA:53,1
DA:54,1
DA:55,1
DA:57,1
DA:59,1
DA:61,1
DA:63,1
DA:64,0
DA:66,1
DA:77,1
DA:78,1
DA:79,1
DA:80,1
DA:81,1
DA:83,1
DA:85,1
DA:87,1
DA:89,1
DA:90,0
DA:92,1
DA:105,1
DA:106,1
DA:108,1
DA:110,1
DA:119,1
DA:120,1
DA:122,1
DA:124,1
DA:133,1
DA:134,1
DA:136,1
DA:137,1
LF:44
LH:41
BRDA:31,1,0,1
BRDA:31,1,1,1
BRDA:33,2,0,1
BRDA:33,2,1,1
BRDA:35,3,0,1
BRDA:35,3,1,1
BRDA:37,4,0,0
BRDA:37,4,1,1
BRDA:57,5,0,1
BRDA:57,5,1,1
BRDA:59,6,0,1
BRDA:59,6,1,1
BRDA:61,7,0,1
BRDA:61,7,1,1
BRDA:63,8,0,0
BRDA:63,8,1,1
BRDA:83,9,0,1
BRDA:83,9,1,1
BRDA:85,10,0,1
BRDA:85,10,1,1
BRDA:87,11,0,1
BRDA:87,11,1,1
BRDA:89,12,0,0
BRDA:89,12,1,1
BRF:24
BRH:21
end_of_record
TN:
SF:src\blocks\phaser\tile_sprite\blocks.js
FN:26,(anonymous_1)
FN:54,(anonymous_2)
FN:84,(anonymous_3)
FN:114,(anonymous_4)
FN:149,(anonymous_5)
FN:186,(anonymous_6)
FN:219,(anonymous_7)
FN:238,(anonymous_8)
FN:263,(anonymous_9)
FNF:9
FNH:9
FNDA:1,(anonymous_1)
FNDA:1,(anonymous_2)
FNDA:1,(anonymous_3)
FNDA:1,(anonymous_4)
FNDA:1,(anonymous_5)
FNDA:1,(anonymous_6)
FNDA:1,(anonymous_7)
FNDA:1,(anonymous_8)
FNDA:1,(anonymous_9)
DA:25,1
DA:27,1
DA:32,1
DA:36,1
DA:39,1
DA:41,1
DA:42,1
DA:43,1
DA:44,1
DA:45,1
DA:53,1
DA:55,1
DA:58,1
DA:62,1
DA:66,1
DA:69,1
DA:71,1
DA:72,1
DA:73,1
DA:74,1
DA:75,1
DA:83,1
DA:85,1
DA:88,1
DA:92,1
DA:96,1
DA:99,1
DA:101,1
DA:102,1
DA:103,1
DA:104,1
DA:105,1
DA:113,1
DA:115,1
DA:118,1
DA:123,1
DA:125,1
DA:128,1
DA:136,1
DA:137,1
DA:138,1
DA:139,1
DA:140,1
DA:148,1
DA:150,1
DA:153,1
DA:170,1
DA:173,1
DA:174,1
DA:175,1
DA:176,1
DA:177,1
DA:185,1
DA:187,1
DA:190,1
DA:194,1
DA:198,1
DA:202,1
DA:206,1
DA:207,1
DA:208,1
DA:209,1
DA:210,1
DA:218,1
DA:220,1
DA:223,1
DA:224,1
DA:225,1
DA:226,1
DA:227,1
DA:228,1
DA:229,1
DA:237,1
DA:239,1
DA:242,1
DA:245,1
DA:248,1
DA:250,1
DA:251,1
DA:252,1
DA:253,1
DA:254,1
DA:262,1
DA:264,1
DA:267,1
DA:269,1
DA:270,1
DA:271,1
DA:272,1
DA:273,1
LF:90
LH:90
BRF:0
BRH:0
end_of_record
TN:
SF:src\blocks\phaser\tile_sprite\javascript.js
FN:27,(anonymous_1)
FN:43,(anonymous_2)
FN:64,(anonymous_3)
FN:85,(anonymous_4)
FN:106,(anonymous_5)
FN:129,(anonymous_6)
FN:151,(anonymous_7)
FN:163,(anonymous_8)
FN:179,(anonymous_9)
FNF:9
FNH:9
FNDA:1,(anonymous_1)
FNDA:1,(anonymous_2)
FNDA:1,(anonymous_3)
FNDA:1,(anonymous_4)
FNDA:1,(anonymous_5)
FNDA:1,(anonymous_6)
FNDA:1,(anonymous_7)
FNDA:1,(anonymous_8)
FNDA:1,(anonymous_9)
DA:27,1
DA:28,1
DA:29,1
DA:31,1
DA:33,1
DA:43,1
DA:44,1
DA:46,1
DA:47,1
DA:49,1
DA:51,1
DA:64,1
DA:65,1
DA:67,1
DA:68,1
DA:70,1
DA:72,1
DA:85,1
DA:86,1
DA:87,1
DA:88,1
DA:89,1
DA:91,1
DA:93,1
DA:95,1
DA:106,1
DA:107,1
DA:109,1
DA:110,1
DA:112,1
DA:114,0
DA:116,0
DA:119,1
DA:129,1
DA:130,1
DA:132,1
DA:133,1
DA:134,1
DA:135,1
DA:136,1
DA:137,1
DA:139,1
DA:151,1
DA:152,1
DA:154,1
DA:163,1
DA:164,1
DA:166,1
DA:168,1
DA:170,1
DA:179,1
DA:180,1
DA:182,1
LF:53
LH:51
BRDA:91,1,0,1
BRDA:91,1,1,1
BRDA:93,2,0,1
BRDA:93,2,1,1
BRDA:112,3,0,0
BRDA:112,3,1,0
BRDA:112,3,2,1
BRDA:117,4,0,0
BRDA:117,4,1,0
BRF:9
BRH:5
end_of_record
TN:
SF:src\blocks\phaser\update\blocks.js
FN:26,(anonymous_1)
FNF:1
FNH:1
FNDA:1,(anonymous_1)
DA:25,1
DA:27,1
DA:28,1
DA:29,1
DA:32,1
DA:36,1
DA:37,1
DA:38,1
LF:8
LH:8
BRF:0
BRH:0
end_of_record
TN:
SF:src\blocks\phaser\update\javascript.js
FN:27,(anonymous_1)
FNF:1
FNH:1
FNDA:1,(anonymous_1)
DA:27,1
DA:28,1
DA:29,1
LF:3
LH:3
BRF:0
BRH:0
end_of_record
TN:
SF:src\blocks\phaser\world\blocks.js
FN:26,(anonymous_1)
FN:46,(anonymous_2)
FN:67,(anonymous_3)
FNF:3
FNH:3
FNDA:1,(anonymous_1)
FNDA:1,(anonymous_2)
FNDA:1,(anonymous_3)
DA:25,1
DA:27,1
DA:33,1
DA:34,1
DA:35,1
DA:36,1
DA:37,1
DA:45,1
DA:47,1
DA:50,1
DA:53,1
DA:54,1
DA:55,1
DA:56,1
DA:57,1
DA:58,1
DA:66,1
DA:68,1
DA:76,1
DA:77,1
DA:78,1
DA:79,1
LF:22
LH:22
BRF:0
BRH:0
end_of_record
TN:
SF:src\blocks\phaser\world\javascript.js
FN:27,(anonymous_1)
FN:39,(anonymous_2)
FN:54,(anonymous_3)
FNF:3
FNH:3
FNDA:1,(anonymous_1)
FNDA:1,(anonymous_2)
FNDA:1,(anonymous_3)
DA:27,1
DA:28,1
DA:29,1
DA:30,1
DA:39,1
DA:40,1
DA:42,1
DA:44,1
DA:54,1
DA:55,1
DA:56,1
DA:57,1
LF:12
LH:12
BRDA:44,1,0,1
BRDA:44,1,1,1
BRF:2
BRH:2
end_of_record
TN:
SF:src\blocks\simple\blocks.js
FN:26,(anonymous_1)
FN:45,(anonymous_2)
FN:83,(anonymous_3)
FN:98,(anonymous_4)
FN:140,(anonymous_5)
FN:178,(anonymous_6)
FN:208,(anonymous_7)
FN:250,(anonymous_8)
FN:300,(anonymous_9)
FNF:9
FNH:9
FNDA:1,(anonymous_1)
FNDA:1,(anonymous_2)
FNDA:1,(anonymous_3)
FNDA:1,(anonymous_4)
FNDA:1,(anonymous_5)
FNDA:1,(anonymous_6)
FNDA:1,(anonymous_7)
FNDA:1,(anonymous_8)
FNDA:1,(anonymous_9)
DA:25,1
DA:27,1
DA:28,1
DA:29,1
DA:32,1
DA:34,1
DA:35,1
DA:36,1
DA:44,1
DA:46,1
DA:47,1
DA:48,1
DA:52,1
DA:56,1
DA:60,1
DA:64,1
DA:68,1
DA:72,1
DA:73,1
DA:74,1
DA:82,1
DA:84,1
DA:85,1
DA:86,1
DA:87,1
DA:88,1
DA:89,1
DA:97,1
DA:99,1
DA:100,1
DA:101,1
DA:105,1
DA:109,1
DA:113,1
DA:117,1
DA:121,1
DA:125,1
DA:129,1
DA:130,1
DA:131,1
DA:139,1
DA:141,1
DA:142,1
DA:143,1
DA:147,1
DA:151,1
DA:155,1
DA:159,1
DA:163,1
DA:167,1
DA:168,1
DA:169,1
DA:177,1
DA:179,1
DA:180,1
DA:181,1
DA:185,1
DA:189,1
DA:193,1
DA:197,1
DA:198,1
DA:199,1
DA:207,1
DA:209,1
DA:210,1
DA:211,1
DA:215,1
DA:219,1
DA:223,1
DA:227,1
DA:231,1
DA:235,1
DA:239,1
DA:240,1
DA:241,1
DA:249,1
DA:251,1
DA:252,1
DA:253,1
DA:257,1
DA:261,1
DA:265,1
DA:269,1
DA:273,1
DA:277,1
DA:281,1
DA:285,1
DA:289,1
DA:290,1
DA:291,1
DA:299,1
DA:301,1
DA:302,1
DA:303,1
DA:307,1
DA:311,1
DA:315,1
DA:319,1
DA:320,1
DA:321,1
LF:100
LH:100
BRF:0
BRH:0
end_of_record
TN:
SF:src\blocks\simple\javascript.js
FN:27,(anonymous_1)
FN:39,(anonymous_2)
FN:61,(anonymous_3)
FN:71,(anonymous_4)
FN:97,(anonymous_5)
FN:120,(anonymous_6)
FN:139,(anonymous_7)
FN:164,(anonymous_8)
FN:194,(anonymous_9)
FNF:9
FNH:9
FNDA:1,(anonymous_1)
FNDA:1,(anonymous_2)
FNDA:1,(anonymous_3)
FNDA:1,(anonymous_4)
FNDA:1,(anonymous_5)
FNDA:1,(anonymous_6)
FNDA:1,(anonymous_7)
FNDA:1,(anonymous_8)
FNDA:1,(anonymous_9)
DA:27,1
DA:28,1
DA:30,1
DA:39,1
DA:40,1
DA:42,1
DA:44,1
DA:46,1
DA:48,1
DA:50,1
DA:52,1
DA:61,1
DA:62,1
DA:71,1
DA:72,1
DA:74,1
DA:76,1
DA:78,1
DA:80,1
DA:82,1
DA:84,1
DA:86,1
DA:97,1
DA:98,1
DA:100,1
DA:102,1
DA:104,1
DA:106,1
DA:108,1
DA:110,1
DA:120,1
DA:121,1
DA:123,1
DA:125,1
DA:127,1
DA:129,1
DA:139,1
DA:140,1
DA:142,1
DA:144,1
DA:146,1
DA:148,1
DA:150,1
DA:152,1
DA:154,1
DA:164,1
DA:165,1
DA:167,1
DA:169,1
DA:171,1
DA:173,1
DA:175,1
DA:177,1
DA:179,1
DA:181,1
DA:183,1
DA:194,1
DA:195,1
DA:197,1
DA:199,1
DA:201,1
DA:202,1
LF:62
LH:62
BRF:0
BRH:0
end_of_record
TN:
SF:src\blocks\sphero\blocks.js
FN:26,(anonymous_1)
FN:44,(anonymous_2)
FN:65,(anonymous_3)
FN:89,(anonymous_4)
FN:109,(anonymous_5)
FN:127,(anonymous_6)
FN:147,(anonymous_7)
FN:170,(anonymous_8)
FNF:8
FNH:8
FNDA:1,(anonymous_1)
FNDA:1,(anonymous_2)
FNDA:1,(anonymous_3)
FNDA:1,(anonymous_4)
FNDA:1,(anonymous_5)
FNDA:1,(anonymous_6)
FNDA:1,(anonymous_7)
FNDA:1,(anonymous_8)
DA:25,1
DA:27,1
DA:28,1
DA:29,1
DA:32,1
DA:33,1
DA:34,1
DA:35,1
DA:43,1
DA:45,1
DA:46,1
DA:47,1
DA:50,1
DA:54,1
DA:55,1
DA:56,1
DA:64,1
DA:66,1
DA:67,1
DA:68,1
DA:71,1
DA:73,1
DA:77,1
DA:78,1
DA:79,1
DA:88,1
DA:90,1
DA:91,1
DA:92,1
DA:98,1
DA:99,1
DA:100,1
DA:108,1
DA:110,1
DA:111,1
DA:112,1
DA:115,1
DA:116,1
DA:117,1
DA:118,1
DA:126,1
DA:128,1
DA:129,1
DA:130,1
DA:136,1
DA:137,1
DA:138,1
DA:146,1
DA:148,1
DA:149,1
DA:150,1
DA:158,1
DA:159,1
DA:160,1
DA:169,1
DA:171,1
DA:172,1
DA:173,1
DA:176,1
DA:179,1
DA:180,1
DA:181,1
LF:62
LH:62
BRF:0
BRH:0
end_of_record
TN:
SF:src\blocks\sphero\javascript.js
FN:27,(anonymous_1)
FN:41,(anonymous_2)
FN:56,(anonymous_3)
FN:72,(anonymous_4)
FN:87,(anonymous_5)
FN:106,(anonymous_6)
FN:118,(anonymous_7)
FN:132,(anonymous_8)
FNF:8
FNH:8
FNDA:1,(anonymous_1)
FNDA:1,(anonymous_2)
FNDA:1,(anonymous_3)
FNDA:1,(anonymous_4)
FNDA:1,(anonymous_5)
FNDA:1,(anonymous_6)
FNDA:1,(anonymous_7)
FNDA:1,(anonymous_8)
DA:27,1
DA:28,1
DA:30,1
DA:31,1
DA:41,1
DA:42,1
DA:44,1
DA:45,1
DA:46,1
DA:56,1
DA:57,1
DA:59,1
DA:61,1
DA:62,1
DA:72,1
DA:73,1
DA:74,1
DA:76,1
DA:77,1
DA:87,1
DA:88,1
DA:93,1
DA:94,1
DA:95,1
DA:96,1
DA:106,1
DA:107,1
DA:109,1
DA:118,1
DA:119,1
DA:120,1
DA:121,1
DA:123,0
DA:132,1
DA:133,1
DA:134,1
LF:36
LH:35
BRDA:61,1,0,1
BRDA:61,1,1,0
BRDA:77,2,0,1
BRDA:77,2,1,1
BRDA:77,2,2,1
BRDA:120,3,0,1
BRDA:120,3,1,0
BRF:7
BRH:5
end_of_record
TN:
SF:src\config\config.js
FNF:0
FNH:0
DA:20,1
DA:21,1
DA:22,1
DA:23,1
DA:24,1
DA:25,1
DA:26,1
DA:27,1
DA:29,1
DA:37,1
DA:56,1
DA:65,1
DA:75,1
DA:84,1
DA:97,1
DA:111,1
LF:16
LH:16
BRF:0
BRH:0
end_of_record
TN:
SF:src\cache\cache.js
FN:37,(anonymous_1)
FN:63,(anonymous_2)
FN:75,(anonymous_3)
FN:101,(anonymous_4)
FN:124,(anonymous_5)
FN:137,(anonymous_6)
FN:146,(anonymous_7)
FN:159,(anonymous_8)
FN:168,(anonymous_9)
FN:177,(anonymous_10)
FNF:10
FNH:0
FNDA:0,(anonymous_1)
FNDA:0,(anonymous_2)
FNDA:0,(anonymous_3)
FNDA:0,(anonymous_4)
FNDA:0,(anonymous_5)
FNDA:0,(anonymous_6)
FNDA:0,(anonymous_7)
FNDA:0,(anonymous_8)
FNDA:0,(anonymous_9)
FNDA:0,(anonymous_10)
DA:20,0
DA:22,0
DA:23,0
DA:24,0
DA:25,0
DA:26,0
DA:27,0
DA:28,0
DA:37,0
DA:39,0
DA:42,0
DA:45,0
DA:48,0
DA:51,0
DA:56,0
DA:63,0
DA:64,0
DA:65,0
DA:66,0
DA:75,0
DA:76,0
DA:77,0
DA:78,0
DA:81,0
DA:82,0
DA:84,0
DA:85,0
DA:87,0
DA:88,0
DA:90,0
DA:91,0
DA:93,0
DA:101,0
DA:102,0
DA:103,0
DA:104,0
DA:105,0
DA:107,0
DA:108,0
DA:112,0
DA:113,0
DA:114,0
DA:124,0
DA:125,0
DA:126,0
DA:127,0
DA:129,0
DA:137,0
DA:138,0
DA:146,0
DA:147,0
DA:148,0
DA:149,0
DA:151,0
DA:159,0
DA:160,0
DA:161,0
DA:162,0
DA:164,0
DA:168,0
DA:169,0
DA:177,0
DA:178,0
DA:179,0
DA:186,0
LF:65
LH:0
BRDA:76,1,0,0
BRDA:76,1,1,0
BRDA:76,2,0,0
BRDA:76,2,1,0
BRDA:104,3,0,0
BRDA:104,3,1,0
BRDA:125,4,0,0
BRDA:125,4,1,0
BRDA:147,5,0,0
BRDA:147,5,1,0
BRDA:148,6,0,0
BRDA:148,6,1,0
BRDA:160,7,0,0
BRDA:160,7,1,0
BRDA:161,8,0,0
BRDA:161,8,1,0
BRDA:178,9,0,0
BRDA:178,9,1,0
BRDA:178,10,0,0
BRDA:178,10,1,0
BRF:20
BRH:0
end_of_record
TN:
SF:src\addon\message\message.js
FN:35,(anonymous_1)
FN:53,(anonymous_2)
FN:72,(anonymous_3)
FNF:3
FNH:0
FNDA:0,(anonymous_1)
FNDA:0,(anonymous_2)
FNDA:0,(anonymous_3)
DA:20,0
DA:22,0
DA:23,0
DA:24,0
DA:25,0
DA:26,0
DA:35,0
DA:37,0
DA:40,0
DA:43,0
DA:46,0
DA:49,0
DA:53,0
DA:54,0
DA:55,0
DA:58,0
DA:60,0
DA:61,0
DA:62,0
DA:72,0
DA:73,0
DA:74,0
DA:75,0
DA:76,0
DA:77,0
DA:78,0
DA:79,0
DA:80,0
DA:81,0
DA:82,0
DA:83,0
DA:84,0
DA:85,0
DA:86,0
DA:91,0
DA:92,0
LF:36
LH:0
BRDA:54,1,0,0
BRDA:54,1,1,0
BRDA:61,2,0,0
BRDA:61,2,1,0
BRDA:77,3,0,0
BRDA:77,3,1,0
BRDA:80,4,0,0
BRDA:80,4,1,0
BRDA:80,5,0,0
BRDA:80,5,1,0
BRDA:83,6,0,0
BRDA:83,6,1,0
BRDA:85,7,0,0
BRDA:85,7,1,0
BRDA:91,8,0,0
BRDA:91,8,1,0
BRF:16
BRH:0
end_of_record
TN:
SF:src\config\gdrive.js
FNF:0
FNH:0
DA:22,0
DA:29,0
LF:2
LH:0
BRF:0
BRH:0
end_of_record
TN:
SF:src\config\user_config.js
FN:65,(anonymous_1)
FN:89,(anonymous_2)
FN:99,(anonymous_3)
FN:110,(anonymous_4)
FNF:4
FNH:0
FNDA:0,(anonymous_1)
FNDA:0,(anonymous_2)
FNDA:0,(anonymous_3)
FNDA:0,(anonymous_4)
DA:20,1
DA:21,1
DA:22,1
DA:28,1
DA:39,1
DA:65,1
DA:67,0
DA:70,0
DA:73,0
DA:76,0
DA:79,0
DA:89,1
DA:90,0
DA:99,1
DA:100,0
DA:110,1
DA:111,0
LF:17
LH:9
BRF:0
BRH:0
end_of_record
TN:
SF:src\file_format\file_format.js
FN:50,(anonymous_1)
FN:100,(anonymous_2)
FN:120,(anonymous_3)
FN:128,(anonymous_4)
FN:138,(anonymous_5)
FN:151,(anonymous_6)
FN:162,(anonymous_7)
FN:171,(anonymous_8)
FN:180,(anonymous_9)
FN:189,(anonymous_10)
FN:197,(anonymous_11)
FN:207,(anonymous_12)
FN:215,(anonymous_13)
FN:224,(anonymous_14)
FN:233,(anonymous_15)
FN:241,(anonymous_16)
FN:249,(anonymous_17)
FN:258,(anonymous_18)
FN:266,(anonymous_19)
FN:275,(anonymous_20)
FN:283,(anonymous_21)
FN:292,(anonymous_22)
FN:302,(anonymous_23)
FN:323,(anonymous_24)
FN:337,(anonymous_25)
FN:346,(anonymous_26)
FN:355,(anonymous_27)
FN:363,(anonymous_28)
FN:373,(anonymous_29)
FN:385,(anonymous_30)
FN:394,(anonymous_31)
FN:402,(anonymous_32)
FN:411,(anonymous_33)
FN:431,(anonymous_34)
FN:451,(anonymous_35)
FN:459,(anonymous_36)
FN:468,(anonymous_37)
FN:477,(anonymous_38)
FN:486,(anonymous_39)
FN:495,(anonymous_40)
FN:504,(anonymous_41)
FN:512,(anonymous_42)
FN:521,(anonymous_43)
FN:529,(anonymous_44)
FN:538,(anonymous_45)
FN:551,(anonymous_46)
FN:573,(anonymous_47)
FN:644,(anonymous_48)
FN:688,(anonymous_49)
FN:714,(anonymous_50)
FNF:50
FNH:30
FNDA:4,(anonymous_1)
FNDA:1,(anonymous_2)
FNDA:3,(anonymous_3)
FNDA:3,(anonymous_4)
FNDA:9,(anonymous_5)
FNDA:4,(anonymous_6)
FNDA:10,(anonymous_7)
FNDA:0,(anonymous_8)
FNDA:0,(anonymous_9)
FNDA:3,(anonymous_10)
FNDA:1,(anonymous_11)
FNDA:2,(anonymous_12)
FNDA:0,(anonymous_13)
FNDA:1,(anonymous_14)
FNDA:0,(anonymous_15)
FNDA:0,(anonymous_16)
FNDA:2,(anonymous_17)
FNDA:0,(anonymous_18)
FNDA:0,(anonymous_19)
FNDA:1,(anonymous_20)
FNDA:1,(anonymous_21)
FNDA:0,(anonymous_22)
FNDA:22,(anonymous_23)
FNDA:22,(anonymous_24)
FNDA:1,(anonymous_25)
FNDA:0,(anonymous_26)
FNDA:0,(anonymous_27)
FNDA:0,(anonymous_28)
FNDA:1,(anonymous_29)
FNDA:0,(anonymous_30)
FNDA:3,(anonymous_31)
FNDA:1,(anonymous_32)
FNDA:5,(anonymous_33)
FNDA:5,(anonymous_34)
FNDA:3,(anonymous_35)
FNDA:1,(anonymous_36)
FNDA:0,(anonymous_37)
FNDA:0,(anonymous_38)
FNDA:0,(anonymous_39)
FNDA:0,(anonymous_40)
FNDA:1,(anonymous_41)
FNDA:0,(anonymous_42)
FNDA:0,(anonymous_43)
FNDA:0,(anonymous_44)
FNDA:3,(anonymous_45)
FNDA:2,(anonymous_46)
FNDA:1,(anonymous_47)
FNDA:1,(anonymous_48)
FNDA:1,(anonymous_49)
FNDA:0,(anonymous_50)
DA:20,1
DA:21,1
DA:22,1
DA:24,1
DA:25,1
DA:26,1
DA:27,1
DA:34,1
DA:41,1
DA:50,1
DA:52,4
DA:55,4
DA:58,4
DA:61,4
DA:64,4
DA:67,4
DA:70,4
DA:73,4
DA:76,4
DA:79,4
DA:82,4
DA:85,4
DA:88,4
DA:90,4
DA:91,0
DA:100,1
DA:101,1
DA:102,0
DA:104,1
DA:105,1
DA:106,1
DA:107,1
DA:108,1
DA:109,1
DA:110,1
DA:111,1
DA:112,1
DA:120,1
DA:121,3
DA:128,1
DA:129,3
DA:138,1
DA:139,9
DA:140,9
DA:142,0
DA:151,1
DA:152,4
DA:162,1
DA:163,10
DA:164,10
DA:171,1
DA:172,0
DA:173,0
DA:180,1
DA:181,0
DA:189,1
DA:190,3
DA:197,1
DA:198,1
DA:207,1
DA:208,2
DA:215,1
DA:216,0
DA:217,0
DA:224,1
DA:225,1
DA:226,1
DA:233,1
DA:234,0
DA:241,1
DA:242,0
DA:249,1
DA:250,2
DA:258,1
DA:259,0
DA:266,1
DA:267,0
DA:275,1
DA:276,1
DA:283,1
DA:284,1
DA:285,1
DA:292,1
DA:293,0
DA:302,1
DA:304,22
DA:306,6
DA:307,6
DA:309,16
DA:310,8
DA:312,8
DA:323,1
DA:325,22
DA:326,5
DA:328,22
DA:329,22
DA:337,1
DA:338,1
DA:339,1
DA:346,1
DA:347,0
DA:355,1
DA:356,0
DA:363,1
DA:364,0
DA:373,1
DA:374,1
DA:375,1
DA:376,1
DA:378,1
DA:385,1
DA:386,0
DA:394,1
DA:395,3
DA:402,1
DA:403,1
DA:411,1
DA:412,5
DA:413,5
DA:414,5
DA:415,4
DA:416,0
DA:417,0
DA:419,4
DA:420,4
DA:423,1
DA:431,1
DA:432,5
DA:433,5
DA:434,5
DA:435,4
DA:436,0
DA:437,0
DA:439,4
DA:440,4
DA:443,1
DA:451,1
DA:452,3
DA:459,1
DA:460,1
DA:468,1
DA:469,0
DA:470,0
DA:477,1
DA:478,0
DA:486,1
DA:487,0
DA:488,0
DA:495,1
DA:496,0
DA:504,1
DA:505,1
DA:512,1
DA:513,0
DA:514,0
DA:521,1
DA:522,0
DA:529,1
DA:530,0
DA:538,1
DA:539,3
DA:540,3
DA:542,0
DA:551,1
DA:552,2
DA:553,2
DA:554,2
DA:556,2
DA:557,0
DA:558,2
DA:559,1
DA:560,1
DA:561,0
DA:564,2
DA:573,1
DA:574,1
DA:575,1
DA:576,0
DA:577,0
DA:579,0
DA:583,1
DA:584,0
DA:588,1
DA:590,1
DA:592,1
DA:595,1
DA:596,1
DA:602,1
DA:603,1
DA:604,1
DA:605,1
DA:609,1
DA:610,1
DA:613,1
DA:614,1
DA:616,1
DA:617,1
DA:619,1
DA:620,1
DA:622,1
DA:623,0
DA:625,1
DA:626,0
DA:628,1
DA:629,0
DA:632,1
DA:644,1
DA:645,1
DA:647,1
DA:648,1
DA:649,1
DA:650,1
DA:652,0
DA:653,0
DA:655,0
DA:656,0
DA:658,0
DA:659,0
DA:661,1
DA:662,1
DA:664,0
DA:665,0
DA:667,0
DA:668,0
DA:670,1
DA:671,1
DA:676,0
DA:688,1
DA:689,1
DA:690,0
DA:692,1
DA:693,1
DA:695,1
DA:696,1
DA:698,1
DA:699,0
DA:701,1
DA:702,1
DA:704,1
DA:705,1
DA:714,1
DA:715,0
LF:242
LH:187
BRDA:90,1,0,0
BRDA:90,1,1,4
BRDA:101,2,0,0
BRDA:101,2,1,1
BRDA:139,3,0,9
BRDA:139,3,1,0
BRDA:152,4,0,4
BRDA:152,4,1,0
BRDA:208,5,0,2
BRDA:208,5,1,0
BRDA:259,6,0,0
BRDA:259,6,1,0
BRDA:304,7,0,6
BRDA:304,7,1,16
BRDA:304,8,0,22
BRDA:304,8,1,20
BRDA:304,8,2,12
BRDA:306,9,0,4
BRDA:306,9,1,2
BRDA:309,10,0,8
BRDA:309,10,1,8
BRDA:325,11,0,5
BRDA:325,11,1,17
BRDA:374,12,0,1
BRDA:374,12,1,0
BRDA:374,13,0,1
BRDA:374,13,1,0
BRDA:374,13,2,0
BRDA:414,14,0,4
BRDA:414,14,1,1
BRDA:415,15,0,0
BRDA:415,15,1,4
BRDA:419,16,0,4
BRDA:419,16,1,0
BRDA:434,17,0,4
BRDA:434,17,1,1
BRDA:435,18,0,0
BRDA:435,18,1,4
BRDA:439,19,0,4
BRDA:439,19,1,0
BRDA:522,20,0,0
BRDA:522,20,1,0
BRDA:539,21,0,3
BRDA:539,21,1,0
BRDA:539,22,0,3
BRDA:539,22,1,3
BRDA:553,23,0,2
BRDA:553,23,1,0
BRDA:554,24,0,2
BRDA:554,24,1,0
BRDA:556,25,0,0
BRDA:556,25,1,2
BRDA:558,26,0,1
BRDA:558,26,1,1
BRDA:558,27,0,2
BRDA:558,27,1,2
BRDA:560,28,0,0
BRDA:560,28,1,1
BRDA:560,29,0,1
BRDA:560,29,1,0
BRDA:575,30,0,0
BRDA:575,30,1,1
BRDA:583,31,0,0
BRDA:583,31,1,1
BRDA:583,32,0,1
BRDA:583,32,1,1
BRDA:595,33,0,1
BRDA:595,33,1,0
BRDA:602,34,0,1
BRDA:602,34,1,0
BRDA:604,35,0,1
BRDA:604,35,1,0
BRDA:609,36,0,1
BRDA:609,36,1,0
BRDA:613,37,0,1
BRDA:613,37,1,0
BRDA:616,38,0,1
BRDA:616,38,1,0
BRDA:619,39,0,1
BRDA:619,39,1,0
BRDA:622,40,0,0
BRDA:622,40,1,1
BRDA:625,41,0,0
BRDA:625,41,1,1
BRDA:628,42,0,0
BRDA:628,42,1,1
BRDA:645,43,0,1
BRDA:645,43,1,0
BRDA:648,44,0,1
BRDA:648,44,1,0
BRDA:650,45,0,0
BRDA:650,45,1,0
BRDA:650,45,2,0
BRDA:650,45,3,1
BRDA:650,45,4,0
BRDA:650,45,5,0
BRDA:689,46,0,0
BRDA:689,46,1,1
BRDA:692,47,0,1
BRDA:692,47,1,0
BRDA:695,48,0,1
BRDA:695,48,1,0
BRDA:698,49,0,0
BRDA:698,49,1,1
BRDA:701,50,0,1
BRDA:701,50,1,0
BRDA:704,51,0,1
BRDA:704,51,1,0
BRF:108
BRH:61
end_of_record
TN:
SF:src\file_handler\file_exporter.js
FN:31,(anonymous_1)
FN:43,(anonymous_2)
FN:57,(anonymous_3)
FNF:3
FNH:0
FNDA:0,(anonymous_1)
FNDA:0,(anonymous_2)
FNDA:0,(anonymous_3)
DA:20,0
DA:22,0
DA:31,0
DA:33,0
DA:36,0
DA:43,0
DA:44,0
DA:45,0
DA:46,0
DA:47,0
DA:48,0
DA:57,0
DA:58,0
DA:59,0
DA:60,0
DA:61,0
DA:62,0
LF:17
LH:0
BRF:0
BRH:0
end_of_record
TN:
SF:src\file_handler\file_handler.js
FN:34,(anonymous_1)
FN:71,(anonymous_2)
FN:88,(anonymous_3)
FN:98,(anonymous_4)
FN:108,(anonymous_5)
FN:116,(anonymous_6)
FN:127,(anonymous_7)
FN:135,(anonymous_8)
FN:144,(anonymous_9)
FN:159,(anonymous_10)
FN:171,(anonymous_11)
FN:182,(anonymous_12)
FN:190,(anonymous_13)
FN:198,(anonymous_14)
FN:210,(anonymous_15)
FN:221,(anonymous_16)
FN:229,(anonymous_17)
FN:237,(anonymous_18)
FN:245,(anonymous_19)
FN:255,(anonymous_20)
FN:267,(anonymous_21)
FN:276,(anonymous_22)
FN:284,(anonymous_23)
FN:298,(anonymous_24)
FN:309,(anonymous_25)
FN:317,(anonymous_26)
FN:327,(anonymous_27)
FN:335,(anonymous_28)
FN:345,(anonymous_29)
FN:353,(anonymous_30)
FN:361,(anonymous_31)
FN:369,(anonymous_32)
FN:392,(anonymous_33)
FN:400,(anonymous_34)
FNF:34
FNH:0
FNDA:0,(anonymous_1)
FNDA:0,(anonymous_2)
FNDA:0,(anonymous_3)
FNDA:0,(anonymous_4)
FNDA:0,(anonymous_5)
FNDA:0,(anonymous_6)
FNDA:0,(anonymous_7)
FNDA:0,(anonymous_8)
FNDA:0,(anonymous_9)
FNDA:0,(anonymous_10)
FNDA:0,(anonymous_11)
FNDA:0,(anonymous_12)
FNDA:0,(anonymous_13)
FNDA:0,(anonymous_14)
FNDA:0,(anonymous_15)
FNDA:0,(anonymous_16)
FNDA:0,(anonymous_17)
FNDA:0,(anonymous_18)
FNDA:0,(anonymous_19)
FNDA:0,(anonymous_20)
FNDA:0,(anonymous_21)
FNDA:0,(anonymous_22)
FNDA:0,(anonymous_23)
FNDA:0,(anonymous_24)
FNDA:0,(anonymous_25)
FNDA:0,(anonymous_26)
FNDA:0,(anonymous_27)
FNDA:0,(anonymous_28)
FNDA:0,(anonymous_29)
FNDA:0,(anonymous_30)
FNDA:0,(anonymous_31)
FNDA:0,(anonymous_32)
FNDA:0,(anonymous_33)
FNDA:0,(anonymous_34)
DA:20,0
DA:22,0
DA:23,0
DA:24,0
DA:25,0
DA:34,0
DA:36,0
DA:39,0
DA:42,0
DA:45,0
DA:48,0
DA:51,0
DA:54,0
DA:57,0
DA:60,0
DA:63,0
DA:71,0
DA:72,0
DA:73,0
DA:75,0
DA:76,0
DA:77,0
DA:78,0
DA:79,0
DA:80,0
DA:81,0
DA:88,0
DA:89,0
DA:90,0
DA:98,0
DA:99,0
DA:100,0
DA:101,0
DA:108,0
DA:109,0
DA:116,0
DA:117,0
DA:118,0
DA:120,0
DA:127,0
DA:128,0
DA:135,0
DA:136,0
DA:144,0
DA:145,0
DA:146,0
DA:148,0
DA:159,0
DA:161,0
DA:162,0
DA:164,0
DA:171,0
DA:172,0
DA:173,0
DA:175,0
DA:182,0
DA:183,0
DA:190,0
DA:191,0
DA:198,0
DA:199,0
DA:200,0
DA:202,0
DA:210,0
DA:211,0
DA:212,0
DA:214,0
DA:221,0
DA:222,0
DA:229,0
DA:230,0
DA:237,0
DA:238,0
DA:245,0
DA:246,0
DA:247,0
DA:255,0
DA:256,0
DA:257,0
DA:259,0
DA:267,0
DA:268,0
DA:276,0
DA:277,0
DA:284,0
DA:285,0
DA:286,0
DA:287,0
DA:289,0
DA:290,0
DA:298,0
DA:299,0
DA:300,0
DA:302,0
DA:309,0
DA:310,0
DA:317,0
DA:318,0
DA:319,0
DA:320,0
DA:327,0
DA:328,0
DA:335,0
DA:336,0
DA:337,0
DA:338,0
DA:345,0
DA:346,0
DA:353,0
DA:354,0
DA:361,0
DA:362,0
DA:369,0
DA:370,0
DA:372,0
DA:373,0
DA:374,0
DA:377,0
DA:378,0
DA:379,0
DA:382,0
DA:383,0
DA:384,0
DA:392,0
DA:393,0
DA:400,0
DA:401,0
DA:402,0
DA:403,0
DA:404,0
DA:408,0
DA:409,0
DA:410,0
DA:411,0
DA:415,0
LF:135
LH:0
BRDA:72,1,0,0
BRDA:72,1,1,0
BRDA:101,2,0,0
BRDA:101,2,1,0
BRDA:117,3,0,0
BRDA:117,3,1,0
BRDA:145,4,0,0
BRDA:145,4,1,0
BRDA:161,5,0,0
BRDA:161,5,1,0
BRDA:172,6,0,0
BRDA:172,6,1,0
BRDA:199,7,0,0
BRDA:199,7,1,0
BRDA:211,8,0,0
BRDA:211,8,1,0
BRDA:212,9,0,0
BRDA:212,9,1,0
BRDA:246,10,0,0
BRDA:246,10,1,0
BRDA:256,11,0,0
BRDA:256,11,1,0
BRDA:286,12,0,0
BRDA:286,12,1,0
BRDA:289,13,0,0
BRDA:289,13,1,0
BRDA:299,14,0,0
BRDA:299,14,1,0
BRDA:373,15,0,0
BRDA:373,15,1,0
BRDA:378,16,0,0
BRDA:378,16,1,0
BRDA:383,17,0,0
BRDA:383,17,1,0
BRDA:384,18,0,0
BRDA:384,18,1,0
BRDA:402,19,0,0
BRDA:402,19,1,0
BRDA:403,20,0,0
BRDA:403,20,1,0
BRDA:409,21,0,0
BRDA:409,21,1,0
BRDA:410,22,0,0
BRDA:410,22,1,0
BRF:44
BRH:0
end_of_record
TN:
SF:src\file_handler\file_loader.js
FN:38,(anonymous_1)
FN:70,(anonymous_2)
FN:79,(anonymous_3)
FN:80,(anonymous_4)
FN:95,(anonymous_5)
FN:106,(anonymous_6)
FN:127,(anonymous_7)
FN:142,(anonymous_8)
FN:177,(anonymous_9)
FN:270,(anonymous_10)
FN:302,(anonymous_11)
FN:308,(anonymous_12)
FN:316,(anonymous_13)
FN:335,(anonymous_14)
FN:340,(anonymous_15)
FN:354,(anonymous_16)
FNF:16
FNH:1
FNDA:1,(anonymous_1)
FNDA:0,(anonymous_2)
FNDA:0,(anonymous_3)
FNDA:0,(anonymous_4)
FNDA:0,(anonymous_5)
FNDA:0,(anonymous_6)
FNDA:0,(anonymous_7)
FNDA:0,(anonymous_8)
FNDA:0,(anonymous_9)
FNDA:0,(anonymous_10)
FNDA:0,(anonymous_11)
FNDA:0,(anonymous_12)
FNDA:0,(anonymous_13)
FNDA:0,(anonymous_14)
FNDA:0,(anonymous_15)
FNDA:0,(anonymous_16)
DA:20,1
DA:22,1
DA:23,1
DA:24,1
DA:25,1
DA:26,1
DA:27,1
DA:28,1
DA:29,1
DA:38,1
DA:40,1
DA:43,1
DA:60,1
DA:63,1
DA:70,1
DA:71,0
DA:79,1
DA:80,0
DA:81,0
DA:82,0
DA:83,0
DA:86,0
DA:95,1
DA:97,0
DA:106,1
DA:107,0
DA:108,0
DA:109,0
DA:110,0
DA:111,0
DA:114,0
DA:115,0
DA:127,1
DA:129,0
DA:130,0
DA:142,1
DA:144,0
DA:145,0
DA:146,0
DA:150,0
DA:151,0
DA:153,0
DA:157,0
DA:158,0
DA:159,0
DA:160,0
DA:162,0
DA:163,0
DA:164,0
DA:167,0
DA:168,0
DA:177,1
DA:179,0
DA:180,0
DA:181,0
DA:183,0
DA:185,0
DA:188,0
DA:190,0
DA:192,0
DA:193,0
DA:194,0
DA:196,0
DA:197,0
DA:198,0
DA:201,0
DA:202,0
DA:203,0
DA:204,0
DA:205,0
DA:206,0
DA:208,0
DA:210,0
DA:216,0
DA:218,0
DA:220,0
DA:224,0
DA:227,0
DA:228,0
DA:229,0
DA:230,0
DA:231,0
DA:232,0
DA:233,0
DA:238,0
DA:241,0
DA:242,0
DA:243,0
DA:247,0
DA:248,0
DA:249,0
DA:253,0
DA:254,0
DA:255,0
DA:256,0
DA:257,0
DA:258,0
DA:259,0
DA:262,0
DA:270,1
DA:272,0
DA:273,0
DA:274,0
DA:276,0
DA:277,0
DA:278,0
DA:280,0
DA:281,0
DA:282,0
DA:283,0
DA:286,0
DA:287,0
DA:288,0
DA:289,0
DA:290,0
DA:291,0
DA:294,0
DA:302,1
DA:304,0
DA:306,0
DA:309,0
DA:310,0
DA:311,0
DA:312,0
DA:313,0
DA:315,0
DA:316,0
DA:317,0
DA:318,0
DA:320,0
DA:321,0
DA:335,1
DA:337,0
DA:338,0
DA:339,0
DA:340,0
DA:341,0
DA:343,0
DA:354,1
DA:356,0
DA:357,0
DA:359,0
LF:142
LH:25
BRDA:82,1,0,0
BRDA:82,1,1,0
BRDA:145,2,0,0
BRDA:145,2,1,0
BRDA:150,3,0,0
BRDA:150,3,1,0
BRDA:158,4,0,0
BRDA:158,4,1,0
BRDA:159,5,0,0
BRDA:159,5,1,0
BRDA:163,6,0,0
BRDA:163,6,1,0
BRDA:183,7,0,0
BRDA:183,7,1,0
BRDA:203,8,0,0
BRDA:203,8,1,0
BRDA:206,9,0,0
BRDA:206,9,1,0
BRDA:206,9,2,0
BRDA:206,9,3,0
BRDA:206,9,4,0
BRDA:206,9,5,0
BRDA:206,9,6,0
BRDA:231,10,0,0
BRDA:231,10,1,0
BRDA:242,11,0,0
BRDA:242,11,1,0
BRDA:248,12,0,0
BRDA:248,12,1,0
BRDA:254,13,0,0
BRDA:254,13,1,0
BRDA:287,14,0,0
BRDA:287,14,1,0
BRDA:309,15,0,0
BRDA:309,15,1,0
BRDA:311,16,0,0
BRDA:311,16,1,0
BRDA:311,17,0,0
BRDA:311,17,1,0
BRDA:315,18,0,0
BRDA:315,18,1,0
BRDA:315,19,0,0
BRDA:315,19,1,0
BRDA:315,19,2,0
BRDA:320,20,0,0
BRDA:320,20,1,0
BRDA:356,21,0,0
BRDA:356,21,1,0
BRF:48
BRH:0
end_of_record
TN:
SF:src\file\file.js
FN:34,(anonymous_1)
FN:58,(anonymous_2)
FN:66,(anonymous_3)
FN:74,(anonymous_4)
FN:85,(anonymous_5)
FN:93,(anonymous_6)
FN:101,(anonymous_7)
FN:109,(anonymous_8)
FN:117,(anonymous_9)
FN:125,(anonymous_10)
FN:139,(anonymous_11)
FN:148,(anonymous_12)
FNF:12
FNH:5
FNDA:16,(anonymous_1)
FNDA:0,(anonymous_2)
FNDA:6,(anonymous_3)
FNDA:0,(anonymous_4)
FNDA:12,(anonymous_5)
FNDA:0,(anonymous_6)
FNDA:4,(anonymous_7)
FNDA:0,(anonymous_8)
FNDA:0,(anonymous_9)
FNDA:0,(anonymous_10)
FNDA:0,(anonymous_11)
FNDA:16,(anonymous_12)
DA:20,1
DA:22,1
DA:34,1
DA:36,16
DA:39,16
DA:42,16
DA:45,16
DA:48,16
DA:51,16
DA:58,1
DA:59,0
DA:66,1
DA:67,6
DA:74,1
DA:75,0
DA:76,0
DA:78,0
DA:85,1
DA:86,12
DA:93,1
DA:94,0
DA:101,1
DA:102,4
DA:109,1
DA:110,0
DA:117,1
DA:118,0
DA:125,1
DA:126,0
DA:139,1
DA:140,0
DA:148,1
DA:149,16
DA:150,16
DA:160,10
DA:162,6
LF:36
LH:27
BRDA:39,1,0,16
BRDA:39,1,1,2
BRDA:42,2,0,16
BRDA:42,2,1,14
BRDA:48,3,0,16
BRDA:48,3,1,14
BRDA:48,3,2,8
BRDA:75,4,0,0
BRDA:75,4,1,0
BRDA:150,5,0,1
BRDA:150,5,1,1
BRDA:150,5,2,1
BRDA:150,5,3,6
BRDA:150,5,4,6
BRDA:150,5,5,6
BRDA:150,5,6,6
BRDA:150,5,7,10
BRDA:150,5,8,10
BRDA:150,5,9,6
BRF:19
BRH:17
end_of_record
TN:
SF:src\file_handler\file_saver.js
FN:33,(anonymous_1)
FN:64,(anonymous_2)
FN:80,(anonymous_3)
FN:92,(anonymous_4)
FN:107,(anonymous_5)
FN:118,(anonymous_6)
FN:169,(anonymous_7)
FN:182,(anonymous_8)
FN:183,(anonymous_9)
FN:206,(anonymous_10)
FN:215,(anonymous_11)
FN:228,(anonymous_12)
FN:237,(anonymous_13)
FN:247,(anonymous_14)
FN:261,(anonymous_15)
FNF:15
FNH:0
FNDA:0,(anonymous_1)
FNDA:0,(anonymous_2)
FNDA:0,(anonymous_3)
FNDA:0,(anonymous_4)
FNDA:0,(anonymous_5)
FNDA:0,(anonymous_6)
FNDA:0,(anonymous_7)
FNDA:0,(anonymous_8)
FNDA:0,(anonymous_9)
FNDA:0,(anonymous_10)
FNDA:0,(anonymous_11)
FNDA:0,(anonymous_12)
FNDA:0,(anonymous_13)
FNDA:0,(anonymous_14)
FNDA:0,(anonymous_15)
DA:20,0
DA:22,0
DA:23,0
DA:24,0
DA:33,0
DA:35,0
DA:38,0
DA:41,0
DA:44,0
DA:47,0
DA:50,0
DA:53,0
DA:56,0
DA:64,0
DA:65,0
DA:66,0
DA:67,0
DA:68,0
DA:69,0
DA:70,0
DA:72,0
DA:80,0
DA:81,0
DA:82,0
DA:83,0
DA:92,0
DA:93,0
DA:94,0
DA:95,0
DA:96,0
DA:97,0
DA:99,0
DA:107,0
DA:108,0
DA:109,0
DA:110,0
DA:111,0
DA:118,0
DA:119,0
DA:120,0
DA:121,0
DA:122,0
DA:123,0
DA:124,0
DA:125,0
DA:127,0
DA:129,0
DA:131,0
DA:132,0
DA:133,0
DA:134,0
DA:135,0
DA:139,0
DA:140,0
DA:141,0
DA:142,0
DA:143,0
DA:148,0
DA:149,0
DA:152,0
DA:154,0
DA:158,0
DA:159,0
DA:160,0
DA:169,0
DA:171,0
DA:172,0
DA:174,0
DA:182,0
DA:183,0
DA:184,0
DA:185,0
DA:187,0
DA:188,0
DA:190,0
DA:193,0
DA:194,0
DA:206,0
DA:208,0
DA:209,0
DA:210,0
DA:213,0
DA:214,0
DA:215,0
DA:216,0
DA:228,0
DA:230,0
DA:231,0
DA:232,0
DA:233,0
DA:234,0
DA:235,0
DA:237,0
DA:238,0
DA:239,0
DA:240,0
DA:241,0
DA:243,0
DA:244,0
DA:245,0
DA:247,0
DA:248,0
DA:250,0
DA:251,0
DA:261,0
DA:262,0
LF:106
LH:0
BRDA:67,1,0,0
BRDA:67,1,1,0
BRDA:67,2,0,0
BRDA:67,2,1,0
BRDA:69,3,0,0
BRDA:69,3,1,0
BRDA:96,4,0,0
BRDA:96,4,1,0
BRDA:127,5,0,0
BRDA:127,5,1,0
BRDA:132,6,0,0
BRDA:132,6,1,0
BRDA:134,7,0,0
BRDA:134,7,1,0
BRDA:139,8,0,0
BRDA:139,8,1,0
BRDA:142,9,0,0
BRDA:142,9,1,0
BRDA:149,10,0,0
BRDA:149,10,1,0
BRDA:149,10,2,0
BRDA:155,11,0,0
BRDA:155,11,1,0
BRDA:171,12,0,0
BRDA:171,12,1,0
BRDA:184,13,0,0
BRDA:184,13,1,0
BRDA:187,14,0,0
BRDA:187,14,1,0
BRDA:208,15,0,0
BRDA:208,15,1,0
BRDA:231,16,0,0
BRDA:231,16,1,0
BRDA:238,17,0,0
BRDA:238,17,1,0
BRF:35
BRH:0
end_of_record
TN:
SF:src\file\files.js
FN:31,(anonymous_1)
FN:53,(anonymous_2)
FN:71,(anonymous_3)
FN:81,(anonymous_4)
FN:96,(anonymous_5)
FN:108,(anonymous_6)
FN:123,(anonymous_7)
FN:142,(anonymous_8)
FN:152,(anonymous_9)
FN:161,(anonymous_10)
FN:169,(anonymous_11)
FN:177,(anonymous_12)
FN:189,(anonymous_13)
FN:197,(anonymous_14)
FNF:14
FNH:10
FNDA:15,(anonymous_1)
FNDA:12,(anonymous_2)
FNDA:27,(anonymous_3)
FNDA:6,(anonymous_4)
FNDA:6,(anonymous_5)
FNDA:0,(anonymous_6)
FNDA:1,(anonymous_7)
FNDA:0,(anonymous_8)
FNDA:9,(anonymous_9)
FNDA:2,(anonymous_10)
FNDA:0,(anonymous_11)
FNDA:0,(anonymous_12)
FNDA:15,(anonymous_13)
FNDA:13,(anonymous_14)
DA:20,1
DA:22,1
DA:23,1
DA:31,1
DA:33,15
DA:36,15
DA:39,15
DA:42,15
DA:53,1
DA:54,12
DA:55,12
DA:56,12
DA:57,6
DA:59,6
DA:61,12
DA:62,12
DA:63,12
DA:71,1
DA:72,27
DA:81,1
DA:82,6
DA:83,6
DA:84,6
DA:86,0
DA:87,0
DA:96,1
DA:97,6
DA:98,6
DA:99,6
DA:101,0
DA:108,1
DA:109,0
DA:110,0
DA:111,0
DA:112,0
DA:113,0
DA:116,0
DA:123,1
DA:124,1
DA:125,2
DA:126,2
DA:127,2
DA:134,1
DA:135,1
DA:142,1
DA:143,0
DA:152,1
DA:153,9
DA:154,9
DA:161,1
DA:162,2
DA:169,1
DA:170,0
DA:177,1
DA:178,0
DA:179,0
DA:189,1
DA:190,15
DA:197,1
DA:198,13
DA:199,13
DA:200,30
DA:201,30
DA:204,13
LF:64
LH:51
BRDA:56,1,0,6
BRDA:56,1,1,6
BRDA:83,2,0,6
BRDA:83,2,1,0
BRDA:98,3,0,6
BRDA:98,3,1,0
BRDA:111,4,0,0
BRDA:111,4,1,0
BRDA:125,5,0,2
BRDA:125,5,1,0
BRDA:190,6,0,0
BRDA:190,6,1,15
BRDA:200,7,0,30
BRDA:200,7,1,0
BRF:14
BRH:7
end_of_record
TN:
SF:src\frameworks\frameworks.js
FNF:0
FNH:0
DA:23,1
DA:24,1
DA:25,1
DA:32,1
DA:58,1
DA:78,1
LF:6
LH:6
BRF:0
BRH:0
end_of_record
TN:
SF:src\frameworks\internal\arduino\arduino.js
FN:34,(anonymous_1)
FN:52,(anonymous_2)
FN:61,(anonymous_3)
FNF:3
FNH:0
FNDA:0,(anonymous_1)
FNDA:0,(anonymous_2)
FNDA:0,(anonymous_3)
DA:23,0
DA:25,0
DA:34,0
DA:36,0
DA:39,0
DA:41,0
DA:42,0
DA:44,0
DA:52,0
DA:61,0
DA:62,0
LF:11
LH:0
BRDA:41,1,0,0
BRDA:41,1,1,0
BRF:2
BRH:0
end_of_record
TN:
SF:src\frameworks\internal\makeblock\mbot\mbot.js
FN:33,(anonymous_1)
FN:41,(anonymous_2)
FN:82,(anonymous_3)
FN:103,(anonymous_4)
FN:120,(anonymous_5)
FN:132,(anonymous_6)
FN:142,(anonymous_7)
FN:152,(anonymous_8)
FN:162,(anonymous_9)
FN:172,(anonymous_10)
FN:187,(anonymous_11)
FN:202,(anonymous_12)
FN:216,(anonymous_13)
FN:230,(anonymous_14)
FN:243,(anonymous_15)
FN:253,(anonymous_16)
FN:262,(anonymous_17)
FN:273,(anonymous_18)
FN:285,(anonymous_19)
FN:297,(anonymous_20)
FN:309,(anonymous_21)
FN:319,(anonymous_22)
FN:329,(anonymous_23)
FN:340,(anonymous_24)
FNF:24
FNH:0
FNDA:0,(anonymous_1)
FNDA:0,(anonymous_2)
FNDA:0,(anonymous_3)
FNDA:0,(anonymous_4)
FNDA:0,(anonymous_5)
FNDA:0,(anonymous_6)
FNDA:0,(anonymous_7)
FNDA:0,(anonymous_8)
FNDA:0,(anonymous_9)
FNDA:0,(anonymous_10)
FNDA:0,(anonymous_11)
FNDA:0,(anonymous_12)
FNDA:0,(anonymous_13)
FNDA:0,(anonymous_14)
FNDA:0,(anonymous_15)
FNDA:0,(anonymous_16)
FNDA:0,(anonymous_17)
FNDA:0,(anonymous_18)
FNDA:0,(anonymous_19)
FNDA:0,(anonymous_20)
FNDA:0,(anonymous_21)
FNDA:0,(anonymous_22)
FNDA:0,(anonymous_23)
FNDA:0,(anonymous_24)
DA:21,0
DA:23,0
DA:33,0
DA:35,0
DA:38,0
DA:41,0
DA:44,0
DA:47,0
DA:50,0
DA:53,0
DA:56,0
DA:61,0
DA:64,0
DA:67,0
DA:70,0
DA:73,0
DA:75,0
DA:82,0
DA:83,0
DA:84,0
DA:86,0
DA:88,0
DA:103,0
DA:105,0
DA:120,0
DA:122,0
DA:132,0
DA:133,0
DA:142,0
DA:143,0
DA:152,0
DA:153,0
DA:162,0
DA:163,0
DA:172,0
DA:173,0
DA:174,0
DA:175,0
DA:177,0
DA:187,0
DA:189,0
DA:191,0
DA:202,0
DA:203,0
DA:205,0
DA:216,0
DA:217,0
DA:219,0
DA:230,0
DA:231,0
DA:233,0
DA:243,0
DA:244,0
DA:253,0
DA:254,0
DA:262,0
DA:263,0
DA:264,0
DA:273,0
DA:275,0
DA:276,0
DA:285,0
DA:287,0
DA:288,0
DA:297,0
DA:299,0
DA:300,0
DA:309,0
DA:310,0
DA:311,0
DA:319,0
DA:320,0
DA:321,0
DA:329,0
DA:331,0
DA:332,0
DA:340,0
DA:342,0
DA:343,0
LF:79
LH:0
BRDA:109,1,0,0
BRDA:109,1,1,0
BRDA:190,2,0,0
BRDA:190,2,1,0
BRDA:218,3,0,0
BRDA:218,3,1,0
BRDA:263,4,0,0
BRDA:263,4,1,0
BRDA:275,5,0,0
BRDA:275,5,1,0
BRDA:287,6,0,0
BRDA:287,6,1,0
BRDA:299,7,0,0
BRDA:299,7,1,0
BRF:14
BRH:0
end_of_record
TN:
SF:src\frameworks\internal\ev3\ev3.js
FN:40,(anonymous_1)
FN:51,(anonymous_2)
FN:119,(anonymous_3)
FN:141,(anonymous_4)
FN:162,(anonymous_5)
FN:172,(anonymous_6)
FN:182,(anonymous_7)
FN:192,(anonymous_8)
FN:201,(anonymous_9)
FN:216,(anonymous_10)
FN:230,(anonymous_11)
FN:240,(anonymous_12)
FN:250,(anonymous_13)
FN:260,(anonymous_14)
FN:270,(anonymous_15)
FN:279,(anonymous_16)
FN:290,(anonymous_17)
FN:301,(anonymous_18)
FN:312,(anonymous_19)
FN:323,(anonymous_20)
FN:333,(anonymous_21)
FN:344,(anonymous_22)
FN:357,(anonymous_23)
FN:373,(anonymous_24)
FN:388,(anonymous_25)
FN:403,(anonymous_26)
FN:419,(anonymous_27)
FN:442,(anonymous_28)
FN:460,(anonymous_29)
FN:480,(anonymous_30)
FN:496,(anonymous_31)
FN:522,(anonymous_32)
FN:543,(anonymous_33)
FN:555,(anonymous_34)
FN:568,(anonymous_35)
FN:578,(anonymous_36)
FN:588,(anonymous_37)
FN:598,(anonymous_38)
FN:608,(anonymous_39)
FN:620,(anonymous_40)
FN:632,(anonymous_41)
FN:641,(anonymous_42)
FN:652,(anonymous_43)
FN:661,(anonymous_44)
FN:671,(anonymous_45)
FN:681,(anonymous_46)
FN:691,(anonymous_47)
FN:702,(anonymous_48)
FN:712,(anonymous_49)
FN:721,(anonymous_50)
FN:732,(anonymous_51)
FN:742,(anonymous_52)
FNF:52
FNH:0
FNDA:0,(anonymous_1)
FNDA:0,(anonymous_2)
FNDA:0,(anonymous_3)
FNDA:0,(anonymous_4)
FNDA:0,(anonymous_5)
FNDA:0,(anonymous_6)
FNDA:0,(anonymous_7)
FNDA:0,(anonymous_8)
FNDA:0,(anonymous_9)
FNDA:0,(anonymous_10)
FNDA:0,(anonymous_11)
FNDA:0,(anonymous_12)
FNDA:0,(anonymous_13)
FNDA:0,(anonymous_14)
FNDA:0,(anonymous_15)
FNDA:0,(anonymous_16)
FNDA:0,(anonymous_17)
FNDA:0,(anonymous_18)
FNDA:0,(anonymous_19)
FNDA:0,(anonymous_20)
FNDA:0,(anonymous_21)
FNDA:0,(anonymous_22)
FNDA:0,(anonymous_23)
FNDA:0,(anonymous_24)
FNDA:0,(anonymous_25)
FNDA:0,(anonymous_26)
FNDA:0,(anonymous_27)
FNDA:0,(anonymous_28)
FNDA:0,(anonymous_29)
FNDA:0,(anonymous_30)
FNDA:0,(anonymous_31)
FNDA:0,(anonymous_32)
FNDA:0,(anonymous_33)
FNDA:0,(anonymous_34)
FNDA:0,(anonymous_35)
FNDA:0,(anonymous_36)
FNDA:0,(anonymous_37)
FNDA:0,(anonymous_38)
FNDA:0,(anonymous_39)
FNDA:0,(anonymous_40)
FNDA:0,(anonymous_41)
FNDA:0,(anonymous_42)
FNDA:0,(anonymous_43)
FNDA:0,(anonymous_44)
FNDA:0,(anonymous_45)
FNDA:0,(anonymous_46)
FNDA:0,(anonymous_47)
FNDA:0,(anonymous_48)
FNDA:0,(anonymous_49)
FNDA:0,(anonymous_50)
FNDA:0,(anonymous_51)
FNDA:0,(anonymous_52)
DA:23,0
DA:25,0
DA:26,0
DA:27,0
DA:28,0
DA:29,0
DA:30,0
DA:40,0
DA:42,0
DA:45,0
DA:48,0
DA:51,0
DA:54,0
DA:57,0
DA:60,0
DA:63,0
DA:66,0
DA:69,0
DA:72,0
DA:75,0
DA:78,0
DA:81,0
DA:84,0
DA:87,0
DA:90,0
DA:93,0
DA:96,0
DA:99,0
DA:102,0
DA:105,0
DA:108,0
DA:112,0
DA:119,0
DA:120,0
DA:121,0
DA:122,0
DA:123,0
DA:124,0
DA:125,0
DA:127,0
DA:128,0
DA:130,0
DA:131,0
DA:132,0
DA:141,0
DA:142,0
DA:143,0
DA:145,0
DA:146,0
DA:147,0
DA:149,0
DA:150,0
DA:151,0
DA:152,0
DA:153,0
DA:162,0
DA:163,0
DA:164,0
DA:172,0
DA:173,0
DA:174,0
DA:182,0
DA:183,0
DA:184,0
DA:192,0
DA:193,0
DA:194,0
DA:201,0
DA:202,0
DA:203,0
DA:205,0
DA:216,0
DA:217,0
DA:218,0
DA:219,0
DA:221,0
DA:230,0
DA:231,0
DA:240,0
DA:241,0
DA:250,0
DA:251,0
DA:260,0
DA:261,0
DA:270,0
DA:271,0
DA:279,0
DA:280,0
DA:281,0
DA:290,0
DA:291,0
DA:292,0
DA:301,0
DA:302,0
DA:303,0
DA:312,0
DA:313,0
DA:314,0
DA:323,0
DA:324,0
DA:325,0
DA:333,0
DA:334,0
DA:344,0
DA:345,0
DA:357,0
DA:359,0
DA:373,0
DA:375,0
DA:388,0
DA:389,0
DA:403,0
DA:405,0
DA:419,0
DA:420,0
DA:421,0
DA:423,0
DA:425,0
DA:426,0
DA:442,0
DA:444,0
DA:446,0
DA:460,0
DA:462,0
DA:463,0
DA:465,0
DA:480,0
DA:482,0
DA:496,0
DA:498,0
DA:499,0
DA:501,0
DA:502,0
DA:504,0
DA:506,0
DA:522,0
DA:524,0
DA:525,0
DA:527,0
DA:529,0
DA:543,0
DA:544,0
DA:555,0
DA:557,0
DA:568,0
DA:569,0
DA:578,0
DA:579,0
DA:588,0
DA:589,0
DA:598,0
DA:599,0
DA:608,0
DA:610,0
DA:620,0
DA:621,0
DA:632,0
DA:633,0
DA:641,0
DA:642,0
DA:643,0
DA:652,0
DA:653,0
DA:661,0
DA:662,0
DA:663,0
DA:671,0
DA:672,0
DA:673,0
DA:681,0
DA:682,0
DA:683,0
DA:691,0
DA:692,0
DA:693,0
DA:702,0
DA:703,0
DA:712,0
DA:713,0
DA:721,0
DA:722,0
DA:723,0
DA:732,0
DA:733,0
DA:742,0
DA:743,0
LF:186
LH:0
BRDA:142,1,0,0
BRDA:142,1,1,0
BRDA:145,2,0,0
BRDA:145,2,1,0
BRDA:202,3,0,0
BRDA:202,3,1,0
BRDA:280,4,0,0
BRDA:280,4,1,0
BRDA:291,5,0,0
BRDA:291,5,1,0
BRDA:302,6,0,0
BRDA:302,6,1,0
BRDA:313,7,0,0
BRDA:313,7,1,0
BRDA:324,8,0,0
BRDA:324,8,1,0
BRDA:420,9,0,0
BRDA:420,9,1,0
BRDA:424,10,0,0
BRDA:424,10,1,0
BRDA:445,11,0,0
BRDA:445,11,1,0
BRDA:464,12,0,0
BRDA:464,12,1,0
BRDA:498,13,0,0
BRDA:498,13,1,0
BRDA:505,14,0,0
BRDA:505,14,1,0
BRDA:528,15,0,0
BRDA:528,15,1,0
BRF:30
BRH:0
end_of_record
TN:
SF:src\frameworks\internal\makeblock\mbot_ranger\mbot_ranger.js
FN:33,(anonymous_1)
FN:38,(anonymous_2)
FN:89,(anonymous_3)
FN:110,(anonymous_4)
FN:127,(anonymous_5)
FN:139,(anonymous_6)
FN:150,(anonymous_7)
FN:161,(anonymous_8)
FN:172,(anonymous_9)
FN:183,(anonymous_10)
FN:193,(anonymous_11)
FN:208,(anonymous_12)
FN:221,(anonymous_13)
FN:237,(anonymous_14)
FN:251,(anonymous_15)
FN:267,(anonymous_16)
FN:280,(anonymous_17)
FN:290,(anonymous_18)
FN:299,(anonymous_19)
FN:311,(anonymous_20)
FN:322,(anonymous_21)
FN:335,(anonymous_22)
FN:347,(anonymous_23)
FN:359,(anonymous_24)
FN:370,(anonymous_25)
FN:381,(anonymous_26)
FN:392,(anonymous_27)
FN:401,(anonymous_28)
FNF:28
FNH:0
FNDA:0,(anonymous_1)
FNDA:0,(anonymous_2)
FNDA:0,(anonymous_3)
FNDA:0,(anonymous_4)
FNDA:0,(anonymous_5)
FNDA:0,(anonymous_6)
FNDA:0,(anonymous_7)
FNDA:0,(anonymous_8)
FNDA:0,(anonymous_9)
FNDA:0,(anonymous_10)
FNDA:0,(anonymous_11)
FNDA:0,(anonymous_12)
FNDA:0,(anonymous_13)
FNDA:0,(anonymous_14)
FNDA:0,(anonymous_15)
FNDA:0,(anonymous_16)
FNDA:0,(anonymous_17)
FNDA:0,(anonymous_18)
FNDA:0,(anonymous_19)
FNDA:0,(anonymous_20)
FNDA:0,(anonymous_21)
FNDA:0,(anonymous_22)
FNDA:0,(anonymous_23)
FNDA:0,(anonymous_24)
FNDA:0,(anonymous_25)
FNDA:0,(anonymous_26)
FNDA:0,(anonymous_27)
FNDA:0,(anonymous_28)
DA:21,0
DA:23,0
DA:33,0
DA:35,0
DA:38,0
DA:41,0
DA:44,0
DA:47,0
DA:50,0
DA:53,0
DA:56,0
DA:59,0
DA:65,0
DA:68,0
DA:71,0
DA:74,0
DA:77,0
DA:80,0
DA:82,0
DA:89,0
DA:90,0
DA:92,0
DA:94,0
DA:96,0
DA:110,0
DA:112,0
DA:127,0
DA:129,0
DA:139,0
DA:140,0
DA:149,0
DA:151,0
DA:160,0
DA:162,0
DA:171,0
DA:173,0
DA:182,0
DA:184,0
DA:193,0
DA:194,0
DA:195,0
DA:196,0
DA:198,0
DA:208,0
DA:210,0
DA:221,0
DA:223,0
DA:225,0
DA:237,0
DA:239,0
DA:251,0
DA:253,0
DA:255,0
DA:267,0
DA:269,0
DA:280,0
DA:281,0
DA:290,0
DA:291,0
DA:299,0
DA:300,0
DA:301,0
DA:310,0
DA:312,0
DA:313,0
DA:322,0
DA:324,0
DA:325,0
DA:334,0
DA:336,0
DA:337,0
DA:346,0
DA:348,0
DA:349,0
DA:358,0
DA:360,0
DA:361,0
DA:369,0
DA:371,0
DA:372,0
DA:380,0
DA:382,0
DA:383,0
DA:391,0
DA:393,0
DA:394,0
DA:401,0
DA:402,0
DA:404,0
DA:406,0
DA:408,0
LF:91
LH:0
BRDA:116,1,0,0
BRDA:116,1,1,0
BRDA:300,2,0,0
BRDA:300,2,1,0
BRDA:312,3,0,0
BRDA:312,3,1,0
BRDA:324,4,0,0
BRDA:324,4,1,0
BRDA:336,5,0,0
BRDA:336,5,1,0
BRDA:348,6,0,0
BRDA:348,6,1,0
BRF:12
BRH:0
end_of_record
TN:
SF:src\frameworks\internal\phaser\phaser.js
FN:34,(anonymous_1)
FN:68,(anonymous_2)
FN:101,(anonymous_3)
FN:130,(anonymous_4)
FNF:4
FNH:0
FNDA:0,(anonymous_1)
FNDA:0,(anonymous_2)
FNDA:0,(anonymous_3)
FNDA:0,(anonymous_4)
DA:22,0
DA:34,0
DA:36,0
DA:37,0
DA:38,0
DA:40,0
DA:41,0
DA:42,0
DA:43,0
DA:44,0
DA:45,0
DA:46,0
DA:47,0
DA:49,0
DA:68,0
DA:71,0
DA:72,0
DA:73,0
DA:74,0
DA:75,0
DA:76,0
DA:77,0
DA:78,0
DA:79,0
DA:81,0
DA:101,0
DA:104,0
DA:105,0
DA:106,0
DA:107,0
DA:110,0
DA:111,0
DA:112,0
DA:117,0
DA:130,0
DA:131,0
DA:132,0
DA:135,0
DA:137,0
DA:138,0
DA:142,0
DA:143,0
DA:144,0
DA:145,0
DA:148,0
DA:154,0
DA:155,0
DA:157,0
DA:158,0
DA:160,0
DA:161,0
DA:167,0
LF:52
LH:0
BRDA:37,1,0,0
BRDA:37,1,1,0
BRDA:44,2,0,0
BRDA:44,2,1,0
BRDA:44,3,0,0
BRDA:44,3,1,0
BRDA:45,4,0,0
BRDA:45,4,1,0
BRDA:74,5,0,0
BRDA:74,5,1,0
BRDA:74,6,0,0
BRDA:74,6,1,0
BRDA:76,7,0,0
BRDA:76,7,1,0
BRDA:76,8,0,0
BRDA:76,8,1,0
BRDA:78,9,0,0
BRDA:78,9,1,0
BRDA:78,10,0,0
BRDA:78,10,1,0
BRDA:106,11,0,0
BRDA:106,11,1,0
BRDA:111,12,0,0
BRDA:111,12,1,0
BRDA:113,13,0,0
BRDA:113,13,1,0
BRDA:113,14,0,0
BRDA:113,14,1,0
BRDA:118,15,0,0
BRDA:118,15,1,0
BRDA:118,16,0,0
BRDA:118,16,1,0
BRDA:131,17,0,0
BRDA:131,17,1,0
BRDA:135,18,0,0
BRDA:135,18,1,0
BRDA:135,19,0,0
BRDA:135,19,1,0
BRDA:143,20,0,0
BRDA:143,20,1,0
BRDA:145,21,0,0
BRDA:145,21,1,0
BRDA:145,22,0,0
BRDA:145,22,1,0
BRDA:145,22,2,0
BRDA:154,23,0,0
BRDA:154,23,1,0
BRDA:157,24,0,0
BRDA:157,24,1,0
BRDA:160,25,0,0
BRDA:160,25,1,0
BRF:51
BRH:0
end_of_record
TN:
SF:src\frameworks\internal\python\python2.js
FN:31,(anonymous_1)
FN:46,(anonymous_2)
FN:87,(anonymous_3)
FN:91,(anonymous_4)
FN:94,(anonymous_5)
FN:104,(anonymous_6)
FN:115,(anonymous_7)
FN:126,(anonymous_8)
FN:139,(anonymous_9)
FN:150,(anonymous_10)
FNF:10
FNH:0
FNDA:0,(anonymous_1)
FNDA:0,(anonymous_2)
FNDA:0,(anonymous_3)
FNDA:0,(anonymous_4)
FNDA:0,(anonymous_5)
FNDA:0,(anonymous_6)
FNDA:0,(anonymous_7)
FNDA:0,(anonymous_8)
FNDA:0,(anonymous_9)
FNDA:0,(anonymous_10)
DA:20,0
DA:22,0
DA:31,0
DA:33,0
DA:36,0
DA:39,0
DA:46,0
DA:47,0
DA:48,0
DA:50,0
DA:51,0
DA:52,0
DA:53,0
DA:57,0
DA:60,0
DA:70,0
DA:72,0
DA:75,0
DA:76,0
DA:86,0
DA:87,0
DA:88,0
DA:90,0
DA:92,0
DA:95,0
DA:104,0
DA:105,0
DA:106,0
DA:107,0
DA:115,0
DA:116,0
DA:117,0
DA:118,0
DA:126,0
DA:127,0
DA:128,0
DA:129,0
DA:139,0
DA:140,0
DA:141,0
DA:142,0
DA:150,0
DA:151,0
DA:153,0
DA:155,0
LF:45
LH:0
BRDA:50,1,0,0
BRDA:50,1,1,0
BRDA:52,2,0,0
BRDA:52,2,1,0
BRDA:57,3,0,0
BRDA:57,3,1,0
BRDA:57,4,0,0
BRDA:57,4,1,0
BRDA:57,4,2,0
BRDA:57,4,3,0
BRDA:86,5,0,0
BRDA:86,5,1,0
BRDA:105,6,0,0
BRDA:105,6,1,0
BRDA:105,7,0,0
BRDA:105,7,1,0
BRDA:116,8,0,0
BRDA:116,8,1,0
BRDA:116,9,0,0
BRDA:116,9,1,0
BRDA:127,10,0,0
BRDA:127,10,1,0
BRDA:127,11,0,0
BRDA:127,11,1,0
BRDA:140,12,0,0
BRDA:140,12,1,0
BRDA:140,12,2,0
BRDA:151,13,0,0
BRDA:151,13,1,0
BRDA:151,14,0,0
BRDA:151,14,1,0
BRF:31
BRH:0
end_of_record
TN:
SF:src\frameworks\internal\python\python3.js
FN:29,(anonymous_1)
FN:38,(anonymous_2)
FNF:2
FNH:0
FNDA:0,(anonymous_1)
FNDA:0,(anonymous_2)
DA:20,0
DA:29,0
DA:31,0
DA:38,0
DA:39,0
LF:5
LH:0
BRF:0
BRH:0
end_of_record
TN:
SF:src\frameworks\internal\raspberry_pi\raspberry_pi.js
FN:32,(anonymous_1)
FN:45,(anonymous_2)
FN:58,(anonymous_3)
FN:69,(anonymous_4)
FN:78,(anonymous_5)
FN:89,(anonymous_6)
FNF:6
FNH:0
FNDA:0,(anonymous_1)
FNDA:0,(anonymous_2)
FNDA:0,(anonymous_3)
FNDA:0,(anonymous_4)
FNDA:0,(anonymous_5)
FNDA:0,(anonymous_6)
DA:20,0
DA:22,0
DA:32,0
DA:34,0
DA:37,0
DA:40,0
DA:45,0
DA:48,0
DA:58,0
DA:59,0
DA:69,0
DA:70,0
DA:78,0
DA:79,0
DA:80,0
DA:89,0
DA:90,0
LF:17
LH:0
BRDA:79,1,0,0
BRDA:79,1,1,0
BRF:2
BRH:0
end_of_record
TN:
SF:src\frameworks\internal\runner\runner.js
FN:33,(anonymous_1)
FN:75,(anonymous_2)
FN:96,(anonymous_3)
FN:114,(anonymous_4)
FN:118,(anonymous_5)
FN:140,(anonymous_6)
FN:155,(anonymous_7)
FN:173,(anonymous_8)
FN:184,(anonymous_9)
FN:194,(anonymous_10)
FN:206,(anonymous_11)
FN:228,(anonymous_12)
FN:239,(anonymous_13)
FN:255,(anonymous_14)
FN:264,(anonymous_15)
FNF:15
FNH:15
FNDA:12,(anonymous_1)
FNDA:42,(anonymous_2)
FNDA:8,(anonymous_3)
FNDA:7,(anonymous_4)
FNDA:6,(anonymous_5)
FNDA:3,(anonymous_6)
FNDA:3,(anonymous_7)
FNDA:1,(anonymous_8)
FNDA:5,(anonymous_9)
FNDA:5,(anonymous_10)
FNDA:3,(anonymous_11)
FNDA:1,(anonymous_12)
FNDA:1,(anonymous_13)
FNDA:1,(anonymous_14)
FNDA:8,(anonymous_15)
DA:22,1
DA:24,1
DA:33,1
DA:35,12
DA:38,12
DA:41,12
DA:44,12
DA:47,12
DA:50,12
DA:53,12
DA:56,12
DA:59,12
DA:62,12
DA:63,12
DA:64,12
DA:75,1
DA:77,42
DA:78,1
DA:79,1
DA:80,41
DA:81,1
DA:82,1
DA:84,40
DA:96,1
DA:98,8
DA:99,8
DA:100,4
DA:101,4
DA:103,8
DA:114,1
DA:115,7
DA:116,1
DA:118,6
DA:119,6
DA:124,6
DA:125,1
DA:126,1
DA:128,5
DA:140,1
DA:141,3
DA:142,3
DA:144,3
DA:155,1
DA:156,3
DA:157,1
DA:159,2
DA:160,1
DA:162,2
DA:173,1
DA:174,1
DA:175,1
DA:177,1
DA:184,1
DA:185,5
DA:186,5
DA:194,1
DA:195,5
DA:196,5
DA:206,1
DA:207,3
DA:208,1
DA:210,2
DA:211,1
DA:213,1
DA:214,1
DA:216,1
DA:217,1
DA:219,1
DA:228,1
DA:229,1
DA:230,1
DA:239,1
DA:240,1
DA:241,1
DA:242,1
DA:244,1
DA:245,1
DA:246,1
DA:255,1
DA:256,1
DA:264,1
DA:265,8
DA:266,1
DA:267,1
DA:269,7
LF:85
LH:85
BRDA:77,1,0,1
BRDA:77,1,1,41
BRDA:80,2,0,1
BRDA:80,2,1,40
BRDA:80,3,0,41
BRDA:80,3,1,40
BRDA:84,4,0,0
BRDA:84,4,1,40
BRDA:99,5,0,4
BRDA:99,5,1,4
BRDA:100,6,0,3
BRDA:100,6,1,1
BRDA:115,7,0,1
BRDA:115,7,1,6
BRDA:115,8,0,7
BRDA:115,8,1,7
BRDA:124,9,0,1
BRDA:124,9,1,5
BRDA:141,10,0,3
BRDA:141,10,1,0
BRDA:141,11,0,3
BRDA:141,11,1,3
BRDA:142,12,0,1
BRDA:142,12,1,2
BRDA:156,13,0,1
BRDA:156,13,1,2
BRDA:156,14,0,3
BRDA:156,14,1,2
BRDA:159,15,0,1
BRDA:159,15,1,1
BRDA:159,16,0,2
BRDA:159,16,1,2
BRDA:174,17,0,1
BRDA:174,17,1,0
BRDA:174,18,0,1
BRDA:174,18,1,1
BRDA:175,19,0,0
BRDA:175,19,1,1
BRDA:185,20,0,5
BRDA:185,20,1,0
BRDA:195,21,0,5
BRDA:195,21,1,0
BRDA:207,22,0,1
BRDA:207,22,1,2
BRDA:210,23,0,1
BRDA:210,23,1,1
BRDA:213,24,0,1
BRDA:213,24,1,0
BRDA:213,25,0,1
BRDA:213,25,1,1
BRDA:216,26,0,1
BRDA:216,26,1,0
BRDA:216,27,0,1
BRDA:216,27,1,1
BRDA:229,28,0,1
BRDA:229,28,1,0
BRDA:240,29,0,1
BRDA:240,29,1,0
BRDA:244,30,0,1
BRDA:244,30,1,0
BRDA:265,31,0,1
BRDA:265,31,1,7
BRDA:265,32,0,8
BRDA:265,32,1,7
BRF:64
BRH:53
end_of_record
TN:
SF:src\frameworks\internal\simple\command.js
FN:35,(anonymous_1)
FN:48,(anonymous_2)
FN:58,(anonymous_3)
FN:68,(anonymous_4)
FN:80,(anonymous_5)
FN:93,(anonymous_6)
FN:102,(anonymous_7)
FN:120,(anonymous_8)
FNF:8
FNH:0
FNDA:0,(anonymous_1)
FNDA:0,(anonymous_2)
FNDA:0,(anonymous_3)
FNDA:0,(anonymous_4)
FNDA:0,(anonymous_5)
FNDA:0,(anonymous_6)
FNDA:0,(anonymous_7)
FNDA:0,(anonymous_8)
DA:20,0
DA:22,0
DA:24,0
DA:35,0
DA:37,0
DA:40,0
DA:48,0
DA:49,0
DA:58,0
DA:59,0
DA:68,0
DA:69,0
DA:80,0
DA:82,0
DA:93,0
DA:95,0
DA:102,0
DA:103,0
DA:104,0
DA:106,0
DA:120,0
DA:121,0
DA:122,0
DA:123,0
LF:24
LH:0
BRDA:49,1,0,0
BRDA:49,1,1,0
BRDA:103,2,0,0
BRDA:103,2,1,0
BRDA:122,3,0,0
BRDA:122,3,1,0
BRDA:122,4,0,0
BRDA:122,4,1,0
BRF:8
BRH:0
end_of_record
TN:
SF:src\frameworks\internal\simple\draw_manipulations.js
FN:39,(anonymous_1)
FN:69,(anonymous_2)
FN:77,(anonymous_3)
FN:88,(anonymous_4)
FN:99,(anonymous_5)
FN:108,(anonymous_6)
FN:119,(anonymous_7)
FN:130,(anonymous_8)
FN:139,(anonymous_9)
FN:149,(anonymous_10)
FN:159,(anonymous_11)
FN:167,(anonymous_12)
FN:178,(anonymous_13)
FN:188,(anonymous_14)
FN:196,(anonymous_15)
FN:207,(anonymous_16)
FN:218,(anonymous_17)
FN:227,(anonymous_18)
FN:238,(anonymous_19)
FN:248,(anonymous_20)
FN:256,(anonymous_21)
FN:265,(anonymous_22)
FN:287,(anonymous_23)
FN:329,(anonymous_24)
FNF:24
FNH:0
FNDA:0,(anonymous_1)
FNDA:0,(anonymous_2)
FNDA:0,(anonymous_3)
FNDA:0,(anonymous_4)
FNDA:0,(anonymous_5)
FNDA:0,(anonymous_6)
FNDA:0,(anonymous_7)
FNDA:0,(anonymous_8)
FNDA:0,(anonymous_9)
FNDA:0,(anonymous_10)
FNDA:0,(anonymous_11)
FNDA:0,(anonymous_12)
FNDA:0,(anonymous_13)
FNDA:0,(anonymous_14)
FNDA:0,(anonymous_15)
FNDA:0,(anonymous_16)
FNDA:0,(anonymous_17)
FNDA:0,(anonymous_18)
FNDA:0,(anonymous_19)
FNDA:0,(anonymous_20)
FNDA:0,(anonymous_21)
FNDA:0,(anonymous_22)
FNDA:0,(anonymous_23)
FNDA:0,(anonymous_24)
DA:20,0
DA:21,0
DA:23,0
DA:24,0
DA:39,0
DA:42,0
DA:45,0
DA:49,0
DA:53,0
DA:56,0
DA:59,0
DA:62,0
DA:69,0
DA:70,0
DA:77,0
DA:78,0
DA:88,0
DA:90,0
DA:92,0
DA:99,0
DA:100,0
DA:108,0
DA:109,0
DA:119,0
DA:121,0
DA:123,0
DA:130,0
DA:131,0
DA:139,0
DA:140,0
DA:149,0
DA:151,0
DA:152,0
DA:159,0
DA:160,0
DA:167,0
DA:168,0
DA:178,0
DA:180,0
DA:181,0
DA:188,0
DA:189,0
DA:196,0
DA:197,0
DA:207,0
DA:209,0
DA:211,0
DA:218,0
DA:219,0
DA:227,0
DA:228,0
DA:238,0
DA:240,0
DA:241,0
DA:248,0
DA:249,0
DA:256,0
DA:257,0
DA:265,0
DA:266,0
DA:268,0
DA:269,0
DA:270,0
DA:273,0
DA:274,0
DA:277,0
DA:278,0
DA:287,0
DA:289,0
DA:290,0
DA:291,0
DA:293,0
DA:294,0
DA:298,0
DA:299,0
DA:303,0
DA:304,0
DA:305,0
DA:309,0
DA:310,0
DA:313,0
DA:329,0
DA:332,0
DA:335,0
DA:337,0
DA:338,0
DA:339,0
DA:340,0
DA:341,0
DA:342,0
DA:343,0
DA:344,0
DA:346,0
DA:347,0
DA:348,0
LF:95
LH:0
BRDA:42,1,0,0
BRDA:42,1,1,0
BRDA:53,2,0,0
BRDA:53,2,1,0
BRDA:62,3,0,0
BRDA:62,3,1,0
BRDA:268,4,0,0
BRDA:268,4,1,0
BRDA:273,5,0,0
BRDA:273,5,1,0
BRDA:277,6,0,0
BRDA:277,6,1,0
BRDA:289,7,0,0
BRDA:289,7,1,0
BRDA:298,8,0,0
BRDA:298,8,1,0
BRDA:303,9,0,0
BRDA:303,9,1,0
BRDA:309,10,0,0
BRDA:309,10,1,0
BRDA:337,11,0,0
BRDA:337,11,1,0
BRDA:337,12,0,0
BRDA:337,12,1,0
BRDA:340,13,0,0
BRDA:340,13,1,0
BRF:26
BRH:0
end_of_record
TN:
SF:src\frameworks\internal\simple\simple.js
FN:29,(anonymous_1)
FNF:1
FNH:0
FNDA:0,(anonymous_1)
DA:20,0
DA:22,0
DA:23,0
DA:29,0
DA:31,0
DA:34,0
DA:36,0
DA:37,0
DA:39,0
DA:40,0
DA:45,0
LF:11
LH:0
BRDA:36,1,0,0
BRDA:36,1,1,0
BRDA:39,2,0,0
BRDA:39,2,1,0
BRF:4
BRH:0
end_of_record
TN:
SF:src\frameworks\internal\sphero\sphero.js
FN:35,(anonymous_1)
FN:48,(anonymous_2)
FN:57,(anonymous_3)
FN:70,(anonymous_4)
FN:85,(anonymous_5)
FN:95,(anonymous_6)
FN:107,(anonymous_7)
FN:122,(anonymous_8)
FN:139,(anonymous_9)
FN:148,(anonymous_10)
FN:157,(anonymous_11)
FN:165,(anonymous_12)
FN:174,(anonymous_13)
FN:185,(anonymous_14)
FNF:14
FNH:4
FNDA:1,(anonymous_1)
FNDA:0,(anonymous_2)
FNDA:1,(anonymous_3)
FNDA:1,(anonymous_4)
FNDA:0,(anonymous_5)
FNDA:0,(anonymous_6)
FNDA:0,(anonymous_7)
FNDA:0,(anonymous_8)
FNDA:0,(anonymous_9)
FNDA:0,(anonymous_10)
FNDA:0,(anonymous_11)
FNDA:0,(anonymous_12)
FNDA:1,(anonymous_13)
FNDA:0,(anonymous_14)
DA:23,1
DA:25,1
DA:35,1
DA:37,1
DA:40,1
DA:43,1
DA:48,1
DA:50,1
DA:57,1
DA:58,1
DA:70,1
DA:72,1
DA:85,1
DA:86,0
DA:95,1
DA:96,0
DA:107,1
DA:108,0
DA:122,1
DA:124,0
DA:125,0
DA:126,0
DA:128,0
DA:129,0
DA:139,1
DA:140,0
DA:148,1
DA:149,0
DA:157,1
DA:158,0
DA:165,1
DA:166,0
DA:174,1
DA:175,1
DA:176,1
DA:185,1
DA:186,0
LF:37
LH:24
BRDA:124,1,0,0
BRDA:124,1,1,0
BRDA:128,2,0,0
BRDA:128,2,1,0
BRDA:175,3,0,1
BRDA:175,3,1,0
BRF:6
BRH:1
end_of_record
TN:
SF:src\frameworks\internal\tts\tts.js
[...]
FN:87,(anonymous_1)
FN:120,(anonymous_2)
FN:129,(anonymous_3)
FN:143,(anonymous_4)
FN:159,(anonymous_5)
FN:175,(anonymous_6)
FN:190,(anonymous_7)
FN:207,(anonymous_8)
FN:222,(anonymous_9)
FN:236,(anonymous_10)
FN:251,(anonymous_11)
FN:266,(anonymous_12)
FN:281,(anonymous_13)
FN:297,(anonymous_14)
FN:301,(anonymous_15)
FN:315,(anonymous_16)
FN:326,(anonymous_17)
FN:336,(anonymous_18)
FN:346,(anonymous_19)
FN:357,(anonymous_20)
FN:366,(anonymous_21)
FN:375,(anonymous_22)
FN:389,(anonymous_23)
FN:399,(anonymous_24)
FN:413,(anonymous_25)
FN:427,(anonymous_26)
FN:440,(anonymous_27)
FN:453,(anonymous_28)
FN:463,(anonymous_29)
FN:474,(anonymous_30)
FN:507,(anonymous_31)
FN:517,(anonymous_32)
FN:531,(anonymous_33)
FN:546,(anonymous_34)
FN:558,(anonymous_35)
FN:569,(anonymous_36)
FNF:36
FNH:1
FNDA:1,(anonymous_1)
FNDA:0,(anonymous_2)
FNDA:0,(anonymous_3)
FNDA:0,(anonymous_4)
FNDA:0,(anonymous_5)
FNDA:0,(anonymous_6)
FNDA:0,(anonymous_7)
FNDA:0,(anonymous_8)
FNDA:0,(anonymous_9)
FNDA:0,(anonymous_10)
FNDA:0,(anonymous_11)
FNDA:0,(anonymous_12)
FNDA:0,(anonymous_13)
FNDA:0,(anonymous_14)
FNDA:0,(anonymous_15)
FNDA:0,(anonymous_16)
FNDA:0,(anonymous_17)
FNDA:0,(anonymous_18)
FNDA:0,(anonymous_19)
FNDA:0,(anonymous_20)
FNDA:0,(anonymous_21)
FNDA:0,(anonymous_22)
FNDA:0,(anonymous_23)
FNDA:0,(anonymous_24)
FNDA:0,(anonymous_25)
FNDA:0,(anonymous_26)
FNDA:0,(anonymous_27)
FNDA:0,(anonymous_28)
FNDA:0,(anonymous_29)
FNDA:0,(anonymous_30)
FNDA:0,(anonymous_31)
FNDA:0,(anonymous_32)
FNDA:0,(anonymous_33)
FNDA:0,(anonymous_34)
FNDA:0,(anonymous_35)
FNDA:0,(anonymous_36)
DA:23,1
DA:24,1
DA:26,1
DA:27,1
DA:28,1
DA:29,1
DA:30,1
DA:31,1
DA:33,1
DA:34,1
DA:40,1
DA:78,1
DA:87,1
DA:89,1
DA:92,1
DA:95,1
DA:98,1
DA:101,1
DA:104,1
DA:107,1
DA:110,1
DA:113,1
DA:120,1
DA:121,0
DA:129,1
DA:130,0
DA:143,1
DA:145,0
DA:146,0
DA:148,0
DA:149,0
DA:159,1
DA:160,0
DA:161,0
DA:162,0
DA:163,0
DA:164,0
DA:167,0
DA:175,1
DA:176,0
DA:177,0
DA:178,0
DA:190,1
DA:192,0
DA:193,0
DA:195,0
DA:196,0
DA:197,0
DA:207,1
DA:208,0
DA:209,0
DA:210,0
DA:211,0
DA:212,0
DA:215,0
DA:222,1
DA:223,0
DA:224,0
DA:225,0
DA:227,0
DA:236,1
DA:237,0
DA:238,0
DA:239,0
DA:241,0
DA:251,1
DA:252,0
DA:253,0
DA:254,0
DA:256,0
DA:266,1
DA:267,0
DA:268,0
DA:269,0
DA:271,0
DA:281,1
DA:282,0
DA:283,0
DA:284,0
DA:286,0
DA:297,1
DA:298,0
DA:299,0
DA:301,0
DA:302,0
DA:305,0
DA:315,1
DA:317,0
DA:326,1
DA:327,0
DA:336,1
DA:337,0
DA:346,1
DA:347,0
DA:357,1
DA:358,0
DA:366,1
DA:367,0
DA:375,1
DA:376,0
DA:377,0
DA:378,0
DA:379,0
DA:381,0
DA:389,1
DA:390,0
DA:399,1
DA:400,0
DA:401,0
DA:402,0
DA:404,0
DA:413,1
DA:414,0
DA:415,0
DA:416,0
DA:418,0
DA:427,1
DA:428,0
DA:429,0
DA:430,0
DA:432,0
DA:440,1
DA:441,0
DA:442,0
DA:443,0
DA:445,0
DA:453,1
DA:454,0
DA:463,1
DA:464,0
DA:465,0
DA:467,0
DA:474,1
DA:475,0
DA:476,0
DA:477,0
DA:478,0
DA:479,0
DA:480,0
DA:483,0
DA:484,0
DA:485,0
DA:486,0
DA:491,0
DA:492,0
DA:493,0
DA:494,0
DA:495,0
DA:499,0
DA:507,1
DA:508,0
DA:509,0
DA:517,1
DA:518,0
DA:519,0
DA:520,0
DA:531,1
DA:532,0
DA:533,0
DA:534,0
DA:537,0
DA:546,1
DA:548,0
DA:558,1
DA:560,0
DA:561,0
DA:562,0
DA:569,1
DA:570,0
DA:571,0
DA:575,0
LF:171
LH:56
BRDA:95,1,0,1
BRDA:95,1,1,0
BRDA:98,2,0,1
BRDA:98,2,1,0
BRDA:145,3,0,0
BRDA:145,3,1,0
BRDA:145,4,0,0
BRDA:145,4,1,0
BRDA:160,5,0,0
BRDA:160,5,1,0
BRDA:161,6,0,0
BRDA:161,6,1,0
BRDA:163,7,0,0
BRDA:163,7,1,0
BRDA:167,8,0,0
BRDA:167,8,1,0
BRDA:177,9,0,0
BRDA:177,9,1,0
BRDA:192,10,0,0
BRDA:192,10,1,0
BRDA:192,11,0,0
BRDA:192,11,1,0
BRDA:208,12,0,0
BRDA:208,12,1,0
BRDA:209,13,0,0
BRDA:209,13,1,0
BRDA:211,14,0,0
BRDA:211,14,1,0
BRDA:215,15,0,0
BRDA:215,15,1,0
BRDA:224,16,0,0
BRDA:224,16,1,0
BRDA:227,17,0,0
BRDA:227,17,1,0
BRDA:238,18,0,0
BRDA:238,18,1,0
BRDA:253,19,0,0
BRDA:253,19,1,0
BRDA:268,20,0,0
BRDA:268,20,1,0
BRDA:283,21,0,0
BRDA:283,21,1,0
BRDA:298,22,0,0
BRDA:298,22,1,0
BRDA:300,23,0,0
BRDA:300,23,1,0
BRDA:358,24,0,0
BRDA:358,24,1,0
BRDA:377,25,0,0
BRDA:377,25,1,0
BRDA:378,26,0,0
BRDA:378,26,1,0
BRDA:378,27,0,0
BRDA:378,27,1,0
BRDA:390,28,0,0
BRDA:390,28,1,0
BRDA:401,29,0,0
BRDA:401,29,1,0
BRDA:415,30,0,0
BRDA:415,30,1,0
BRDA:429,31,0,0
BRDA:429,31,1,0
BRDA:442,32,0,0
BRDA:442,32,1,0
BRDA:454,33,0,0
BRDA:454,33,1,0
BRDA:464,34,0,0
BRDA:464,34,1,0
BRDA:478,35,0,0
BRDA:478,35,1,0
BRDA:484,36,0,0
BRDA:484,36,1,0
BRDA:494,37,0,0
BRDA:494,37,1,0
BRDA:508,38,0,0
BRDA:508,38,1,0
BRDA:518,39,0,0
BRDA:518,39,1,0
BRDA:519,40,0,0
BRDA:519,40,1,0
BRDA:533,41,0,0
BRDA:533,41,1,0
BRDA:535,42,0,0
BRDA:535,42,1,0
BRDA:570,43,0,0
BRDA:570,43,1,0
BRF:86
BRH:2
end_of_record
TN:
SF:src\utils\i18n\i18n.js
FN:32,(anonymous_1)
FN:61,(anonymous_2)
FN:84,(anonymous_3)
FN:105,(anonymous_4)
FN:139,(anonymous_5)
FN:152,(anonymous_6)
FN:173,(anonymous_7)
FN:191,(anonymous_8)
FN:199,(anonymous_9)
FN:209,(anonymous_10)
FN:231,(anonymous_11)
FN:248,(anonymous_12)
FNF:12
FNH:12
FNDA:7,(anonymous_1)
FNDA:7,(anonymous_2)
FNDA:436,(anonymous_3)
FNDA:444,(anonymous_4)
FNDA:1,(anonymous_5)
FNDA:9,(anonymous_6)
FNDA:13,(anonymous_7)
FNDA:1,(anonymous_8)
FNDA:8,(anonymous_9)
FNDA:5,(anonymous_10)
FNDA:7,(anonymous_11)
FNDA:12,(anonymous_12)
DA:20,1
DA:22,1
DA:23,1
DA:32,1
DA:34,7
DA:37,7
DA:40,7
DA:43,7
DA:46,7
DA:49,7
DA:52,7
DA:54,7
DA:61,1
DA:63,7
DA:64,7
DA:65,7
DA:69,7
DA:70,7
DA:72,7
DA:73,7
DA:84,1
DA:85,436
DA:87,431
DA:90,5
DA:91,5
DA:92,5
DA:95,0
DA:105,1
DA:107,444
DA:108,1
DA:109,1
DA:110,1
DA:111,1
DA:116,444
DA:117,436
DA:120,8
DA:121,8
DA:122,1
DA:123,1
DA:126,7
DA:127,1
DA:128,1
DA:131,6
DA:132,1
DA:133,1
DA:137,5
DA:138,1
DA:140,1
DA:145,4
DA:152,1
DA:153,9
DA:154,7
DA:155,7
DA:156,7
DA:157,0
DA:158,0
DA:159,0
DA:160,0
DA:161,0
DA:162,0
DA:165,2
DA:173,1
DA:174,13
DA:175,13
DA:176,13
DA:177,3
DA:178,10
DA:179,1
DA:180,9
DA:182,2
DA:184,13
DA:191,1
DA:192,1
DA:199,1
DA:200,8
DA:209,1
DA:210,5
DA:211,0
DA:214,5
DA:215,4
DA:216,0
DA:218,4
DA:220,4
DA:222,1
DA:231,1
DA:232,7
DA:233,2
DA:236,5
DA:237,4
DA:240,1
DA:248,1
DA:249,12
LF:92
LH:83
BRDA:63,1,0,7
BRDA:63,1,1,0
BRDA:64,2,0,7
BRDA:64,2,1,2
BRDA:66,3,0,7
BRDA:66,3,1,2
BRDA:85,4,0,431
BRDA:85,4,1,5
BRDA:85,5,0,436
BRDA:85,5,1,436
BRDA:85,5,2,5
BRDA:87,6,0,431
BRDA:87,6,1,431
BRDA:90,7,0,5
BRDA:90,7,1,0
BRDA:92,8,0,5
BRDA:92,8,1,5
BRDA:107,9,0,1
BRDA:107,9,1,443
BRDA:107,10,0,444
BRDA:107,10,1,2
BRDA:109,11,0,1
BRDA:109,11,1,0
BRDA:116,12,0,436
BRDA:116,12,1,8
BRDA:121,13,0,1
BRDA:121,13,1,7
BRDA:121,14,0,8
BRDA:121,14,1,8
BRDA:126,15,0,1
BRDA:126,15,1,6
BRDA:131,16,0,1
BRDA:131,16,1,5
BRDA:137,17,0,1
BRDA:137,17,1,4
BRDA:140,18,0,1
BRDA:140,18,1,0
BRDA:140,19,0,1
BRDA:140,19,1,1
BRDA:153,20,0,7
BRDA:153,20,1,2
BRDA:154,21,0,7
BRDA:154,21,1,0
BRDA:154,22,0,7
BRDA:154,22,1,7
BRDA:157,23,0,0
BRDA:157,23,1,0
BRDA:157,24,0,0
BRDA:157,24,1,0
BRDA:160,25,0,0
BRDA:160,25,1,0
BRDA:174,26,0,13
BRDA:174,26,1,9
BRDA:176,27,0,3
BRDA:176,27,1,10
BRDA:178,28,0,1
BRDA:178,28,1,9
BRDA:178,29,0,10
BRDA:178,29,1,10
BRDA:180,30,0,2
BRDA:180,30,1,7
BRDA:180,31,0,9
BRDA:180,31,1,2
BRDA:200,32,0,8
BRDA:200,32,1,7
BRDA:210,33,0,0
BRDA:210,33,1,5
BRDA:214,34,0,4
BRDA:214,34,1,1
BRDA:215,35,0,0
BRDA:215,35,1,4
BRDA:232,36,0,2
BRDA:232,36,1,5
BRDA:236,37,0,4
BRDA:236,37,1,1
BRDA:249,38,0,12
BRDA:249,38,1,1
BRF:77
BRH:64
end_of_record
TN:
SF:src\utils\logger.js
FN:60,(anonymous_1)
FN:76,(anonymous_2)
FN:79,(anonymous_3)
FN:82,(anonymous_4)
FN:85,(anonymous_5)
FN:88,(anonymous_6)
FN:91,(anonymous_7)
FN:94,(anonymous_8)
FN:97,(anonymous_9)
FN:100,(anonymous_10)
FN:116,(anonymous_11)
FN:159,(anonymous_12)
FN:164,(anonymous_13)
FN:175,(anonymous_14)
FNF:14
FNH:5
FNDA:44,(anonymous_1)
FNDA:0,(anonymous_2)
FNDA:0,(anonymous_3)
FNDA:0,(anonymous_4)
FNDA:0,(anonymous_5)
FNDA:0,(anonymous_6)
FNDA:0,(anonymous_7)
FNDA:0,(anonymous_8)
FNDA:0,(anonymous_9)
FNDA:0,(anonymous_10)
FNDA:44,(anonymous_11)
FNDA:396,(anonymous_12)
FNDA:125,(anonymous_13)
FNDA:248,(anonymous_14)
DA:20,1
DA:21,1
DA:25,1
DA:41,1
DA:60,1
DA:63,44
DA:66,44
DA:69,44
DA:73,44
DA:76,44
DA:79,44
DA:82,44
DA:85,44
DA:88,44
DA:91,44
DA:94,44
DA:97,44
DA:100,44
DA:103,44
DA:105,44
DA:108,44
DA:116,1
DA:117,44
DA:120,44
DA:123,44
DA:126,44
DA:129,44
DA:130,0
DA:132,44
DA:136,44
DA:139,44
DA:142,44
DA:145,44
DA:148,44
DA:159,1
DA:161,396
DA:162,248
DA:164,148
DA:175,1
DA:176,248
DA:177,36
DA:178,212
DA:179,0
DA:182,212
LF:44
LH:42
BRDA:66,1,0,44
BRDA:66,1,1,0
BRDA:69,2,0,36
BRDA:69,2,1,8
BRDA:103,3,0,44
BRDA:103,3,1,0
BRDA:103,4,0,44
BRDA:103,4,1,44
BRDA:103,4,2,0
BRDA:103,4,3,44
BRDA:129,5,0,0
BRDA:129,5,1,44
BRDA:161,6,0,248
BRDA:161,6,1,148
BRDA:161,7,0,396
BRDA:161,7,1,0
BRDA:161,7,2,396
BRDA:176,8,0,36
BRDA:176,8,1,212
BRDA:178,9,0,0
BRDA:178,9,1,212
BRF:21
BRH:15
end_of_record
TN:
SF:src\utils\mime\mime_sniffer.js
FN:32,(anonymous_1)
FN:94,(anonymous_2)
FN:111,(anonymous_3)
FN:137,(anonymous_4)
FN:160,(anonymous_5)
FN:193,(anonymous_6)
FN:216,(anonymous_7)
FN:245,(anonymous_8)
FNF:8
FNH:8
FNDA:18,(anonymous_1)
FNDA:12,(anonymous_2)
FNDA:10,(anonymous_3)
FNDA:10,(anonymous_4)
FNDA:4,(anonymous_5)
FNDA:14,(anonymous_6)
FNDA:19,(anonymous_7)
FNDA:14,(anonymous_8)
DA:20,1
DA:21,1
DA:22,1
DA:23,1
DA:25,1
DA:32,1
DA:33,18
DA:36,18
DA:38,0
DA:42,18
DA:43,6
DA:46,12
DA:49,12
DA:50,12
DA:51,2
DA:55,10
DA:56,10
DA:57,2
DA:61,8
DA:62,8
DA:63,3
DA:67,5
DA:69,1
DA:73,4
DA:74,1
DA:78,3
DA:79,0
DA:83,3
DA:84,3
DA:86,0
DA:94,1
DA:95,12
DA:98,2
DA:99,2
DA:100,2
DA:103,10
DA:111,1
DA:112,10
DA:114,2
DA:115,2
DA:116,2
DA:118,0
DA:120,2
DA:121,2
DA:123,1
DA:125,1
DA:129,8
DA:137,1
DA:138,10
DA:140,5
DA:141,1
DA:142,4
DA:148,2
DA:150,2
DA:152,5
DA:160,1
DA:161,4
DA:183,1
DA:185,3
DA:193,1
DA:194,14
DA:195,14
DA:196,5
DA:198,9
DA:200,14
DA:201,477
DA:202,477
DA:203,477
DA:204,5
DA:208,9
DA:216,1
DA:217,19
DA:219,1
DA:222,3
DA:225,0
DA:228,2
DA:231,0
DA:234,2
DA:236,11
DA:245,1
DA:246,14
DA:247,12
DA:248,12
DA:249,1
DA:252,11
DA:253,11
DA:254,2
DA:258,11
DA:259,11
DA:260,11
DA:261,5
DA:265,6
LF:92
LH:86
BRDA:36,1,0,0
BRDA:36,1,1,18
BRDA:36,2,0,18
BRDA:36,2,1,0
BRDA:36,2,2,0
BRDA:42,3,0,6
BRDA:42,3,1,12
BRDA:42,4,0,18
BRDA:42,4,1,12
BRDA:50,5,0,2
BRDA:50,5,1,10
BRDA:56,6,0,2
BRDA:56,6,1,8
BRDA:62,7,0,3
BRDA:62,7,1,5
BRDA:67,8,0,1
BRDA:67,8,1,4
BRDA:67,9,0,5
BRDA:67,9,1,4
BRDA:67,9,2,0
BRDA:73,10,0,1
BRDA:73,10,1,3
BRDA:78,11,0,0
BRDA:78,11,1,3
BRDA:83,12,0,3
BRDA:83,12,1,0
BRDA:95,13,0,2
BRDA:95,13,1,10
BRDA:95,14,0,12
BRDA:95,14,1,2
BRDA:95,14,2,2
BRDA:99,15,0,2
BRDA:99,15,1,0
BRDA:112,16,0,2
BRDA:112,16,1,8
BRDA:112,17,0,10
BRDA:112,17,1,2
BRDA:112,17,2,2
BRDA:112,17,3,2
BRDA:120,18,0,2
BRDA:120,18,1,0
BRDA:120,19,0,2
BRDA:120,19,1,2
BRDA:121,20,0,1
BRDA:121,20,1,1
BRDA:121,21,0,2
BRDA:121,21,1,1
BRDA:138,22,0,5
BRDA:138,22,1,5
BRDA:138,23,0,10
BRDA:138,23,1,2
BRDA:138,23,2,8
BRDA:140,24,0,1
BRDA:140,24,1,4
BRDA:142,25,0,2
BRDA:142,25,1,2
BRDA:142,26,0,4
BRDA:142,26,1,2
BRDA:142,26,2,2
BRDA:142,26,3,2
BRDA:142,26,4,2
BRDA:142,26,5,2
BRDA:161,27,0,1
BRDA:161,27,1,3
BRDA:163,28,0,4
BRDA:163,28,1,0
BRDA:163,28,2,0
BRDA:163,28,3,0
BRDA:163,28,4,0
BRDA:163,28,5,0
BRDA:163,28,6,4
BRDA:163,28,7,0
BRDA:163,28,8,0
BRDA:163,28,9,0
BRDA:163,28,10,0
BRDA:163,28,11,0
BRDA:163,28,12,4
BRDA:163,28,13,4
BRDA:163,28,14,4
BRDA:163,28,15,1
BRDA:163,28,16,1
BRDA:195,29,0,5
BRDA:195,29,1,9
BRDA:201,30,0,477
BRDA:201,30,1,0
BRDA:203,31,0,5
BRDA:203,31,1,472
BRDA:217,32,0,1
BRDA:217,32,1,1
BRDA:217,32,2,3
BRDA:217,32,3,0
BRDA:217,32,4,0
BRDA:217,32,5,1
BRDA:217,32,6,2
BRDA:217,32,7,0
BRDA:217,32,8,0
BRDA:217,32,9,1
BRDA:217,32,10,2
BRDA:246,33,0,12
BRDA:246,33,1,2
BRDA:248,34,0,1
BRDA:248,34,1,11
BRDA:253,35,0,2
BRDA:253,35,1,9
BRDA:258,36,0,11
BRDA:258,36,1,0
BRDA:260,37,0,5
BRDA:260,37,1,6
BRF:108
BRH:84
end_of_record
TN:
SF:src\utils\mime\mime_type.js
FN:230,(anonymous_1)
FNF:1
FNH:1
FNDA:4,(anonymous_1)
DA:20,1
DA:21,1
DA:27,1
DA:230,1
DA:231,4
DA:232,77
DA:233,77
DA:234,3
DA:238,1
LF:9
LH:9
BRDA:232,1,0,77
BRDA:232,1,1,0
BRDA:233,2,0,3
BRDA:233,2,1,74
BRF:4
BRH:3
end_of_record
TN:
SF:src\utils\number_tools.js
FN:30,(anonymous_1)
FNF:1
FNH:1
FNDA:5,(anonymous_1)
DA:20,1
DA:30,1
DA:31,5
LF:3
LH:3
BRDA:32,1,0,1
BRDA:32,1,1,4
BRF:2
BRH:2
end_of_record
TN:
SF:src\utils\resources.js
FN:29,(anonymous_1)
FN:32,(anonymous_2)
FN:46,(anonymous_3)
FN:50,(anonymous_4)
FN:64,(anonymous_5)
FN:68,(anonymous_6)
FN:89,(anonymous_7)
FN:115,(anonymous_8)
FN:117,(anonymous_9)
FN:121,(anonymous_10)
FNF:10
FNH:0
FNDA:0,(anonymous_1)
FNDA:0,(anonymous_2)
FNDA:0,(anonymous_3)
FNDA:0,(anonymous_4)
FNDA:0,(anonymous_5)
FNDA:0,(anonymous_6)
FNDA:0,(anonymous_7)
FNDA:0,(anonymous_8)
FNDA:0,(anonymous_9)
FNDA:0,(anonymous_10)
DA:20,1
DA:22,1
DA:29,1
DA:30,0
DA:31,0
DA:32,0
DA:33,0
DA:34,0
DA:36,0
DA:37,0
DA:46,1
DA:47,0
DA:48,0
DA:49,0
DA:50,0
DA:51,0
DA:52,0
DA:54,0
DA:55,0
DA:64,1
DA:65,0
DA:66,0
DA:67,0
DA:68,0
DA:69,0
DA:70,0
DA:71,0
DA:72,0
DA:73,0
DA:75,0
DA:77,0
DA:78,0
DA:89,1
DA:90,0
DA:91,0
DA:92,0
DA:93,0
DA:94,0
DA:95,0
DA:97,0
DA:99,0
DA:100,0
DA:101,0
DA:102,0
DA:103,0
DA:104,0
DA:115,1
DA:117,0
DA:118,0
DA:121,0
DA:122,0
LF:51
LH:7
BRDA:34,1,0,0
BRDA:34,1,1,0
BRDA:91,2,0,0
BRDA:91,2,1,0
BRDA:93,3,0,0
BRDA:93,3,1,0
BRDA:94,4,0,0
BRDA:94,4,1,0
BRF:8
BRH:0
end_of_record
TN:
SF:src\utils\stack_queue.js
FN:43,(anonymous_1)
FN:63,(anonymous_2)
FN:72,(anonymous_3)
FN:82,(anonymous_4)
FN:91,(anonymous_5)
FN:100,(anonymous_6)
FN:124,(anonymous_7)
FN:139,(anonymous_8)
FN:153,(anonymous_9)
FN:168,(anonymous_10)
FN:178,(anonymous_11)
FN:193,(anonymous_12)
FN:211,(anonymous_13)
FN:225,(anonymous_14)
FN:241,(anonymous_15)
FN:268,(anonymous_16)
FNF:16
FNH:13
FNDA:62,(anonymous_1)
FNDA:44,(anonymous_2)
FNDA:44,(anonymous_3)
FNDA:44,(anonymous_4)
FNDA:10,(anonymous_5)
FNDA:22,(anonymous_6)
FNDA:48,(anonymous_7)
FNDA:13,(anonymous_8)
FNDA:0,(anonymous_9)
FNDA:0,(anonymous_10)
FNDA:37,(anonymous_11)
FNDA:2,(anonymous_12)
FNDA:0,(anonymous_13)
FNDA:61,(anonymous_14)
FNDA:63,(anonymous_15)
FNDA:9,(anonymous_16)
DA:20,1
DA:21,1
DA:22,1
DA:28,1
DA:43,1
DA:46,62
DA:49,62
DA:52,62
DA:55,62
DA:63,1
DA:64,44
DA:72,1
DA:73,44
DA:82,1
DA:83,44
DA:91,1
DA:92,10
DA:100,1
DA:102,22
DA:105,22
DA:108,22
DA:111,22
DA:114,22
DA:124,1
DA:125,48
DA:126,48
DA:139,1
DA:140,13
DA:153,1
DA:154,0
DA:155,0
DA:168,1
DA:169,0
DA:170,0
DA:178,1
DA:179,37
DA:180,20
DA:181,20
DA:182,20
DA:183,20
DA:193,1
DA:194,2
DA:195,2
DA:196,2
DA:197,2
DA:198,2
DA:199,2
DA:211,1
DA:212,0
DA:213,0
DA:215,0
DA:225,1
DA:227,61
DA:228,8
DA:230,61
DA:231,61
DA:232,32
DA:241,1
DA:242,63
DA:243,2
DA:246,61
DA:248,18
DA:249,18
DA:252,43
DA:253,43
DA:254,43
DA:255,43
DA:256,43
DA:259,34
DA:260,34
DA:261,34
DA:262,34
DA:263,34
DA:267,9
DA:268,9
DA:269,9
DA:270,9
DA:272,9
DA:276,0
DA:277,0
DA:278,0
DA:279,0
DA:281,0
DA:282,0
DA:284,0
DA:285,0
DA:287,0
DA:290,0
LF:88
LH:71
BRDA:125,1,0,48
BRDA:125,1,1,0
BRDA:125,2,0,48
BRDA:125,2,1,48
BRDA:154,3,0,0
BRDA:154,3,1,0
BRDA:154,4,0,0
BRDA:154,4,1,0
BRDA:179,5,0,20
BRDA:179,5,1,17
BRDA:194,6,0,2
BRDA:194,6,1,0
BRDA:198,7,0,2
BRDA:198,7,1,0
BRDA:198,8,0,2
BRDA:198,8,1,2
BRDA:212,9,0,0
BRDA:212,9,1,0
BRDA:212,10,0,0
BRDA:212,10,1,0
BRDA:227,11,0,8
BRDA:227,11,1,53
BRDA:231,12,0,32
BRDA:231,12,1,29
BRDA:242,13,0,2
BRDA:242,13,1,61
BRDA:242,14,0,63
BRDA:242,14,1,61
BRDA:246,15,0,18
BRDA:246,15,1,43
BRDA:246,16,0,61
BRDA:246,16,1,59
BRDA:256,17,0,34
BRDA:256,17,1,9
BRDA:256,17,2,0
BRDA:256,17,3,0
BRDA:278,18,0,0
BRDA:278,18,1,0
BRF:38
BRH:23
end_of_record
TN:
SF:src\utils\storage.js
FN:45,(anonymous_1)
FN:57,(anonymous_2)
FN:76,(anonymous_3)
FN:87,(anonymous_4)
FN:98,(anonymous_5)
FN:134,(anonymous_6)
FN:153,(anonymous_7)
FN:189,(anonymous_8)
FN:192,(anonymous_9)
FN:207,(anonymous_10)
FN:238,(anonymous_11)
FN:261,(anonymous_12)
FN:271,(anonymous_13)
FN:282,(anonymous_14)
FN:309,(anonymous_15)
FN:328,(anonymous_16)
FN:355,(anonymous_17)
FN:378,(anonymous_18)
FNF:18
FNH:17
FNDA:2,(anonymous_1)
FNDA:6,(anonymous_2)
FNDA:12,(anonymous_3)
FNDA:2,(anonymous_4)
FNDA:2,(anonymous_5)
FNDA:2,(anonymous_6)
FNDA:2,(anonymous_7)
FNDA:2,(anonymous_8)
FNDA:2,(anonymous_9)
FNDA:2,(anonymous_10)
FNDA:6,(anonymous_11)
FNDA:33,(anonymous_12)
FNDA:33,(anonymous_13)
FNDA:11,(anonymous_14)
FNDA:0,(anonymous_15)
FNDA:12,(anonymous_16)
FNDA:4,(anonymous_17)
FNDA:3,(anonymous_18)
DA:20,1
DA:21,1
DA:22,1
DA:24,1
DA:26,1
DA:33,1
DA:45,1
DA:47,2
DA:57,1
DA:58,6
DA:59,6
DA:60,2
DA:61,4
DA:62,3
DA:64,6
DA:65,2
DA:67,6
DA:76,1
DA:77,12
DA:78,12
DA:79,1
DA:87,1
DA:88,2
DA:98,1
DA:100,2
DA:103,2
DA:106,2
DA:109,2
DA:112,2
DA:115,2
DA:118,2
DA:121,2
DA:124,2
DA:125,1
DA:134,1
DA:135,2
DA:136,2
DA:137,2
DA:138,0
DA:140,2
DA:143,2
DA:153,1
DA:154,2
DA:156,1
DA:157,1
DA:159,0
DA:161,0
DA:163,0
DA:164,0
DA:165,0
DA:167,0
DA:169,0
DA:171,1
DA:172,1
DA:174,0
DA:176,0
DA:178,0
DA:180,0
DA:189,1
DA:190,2
DA:191,2
DA:192,2
DA:193,2
DA:194,2
DA:195,2
DA:207,1
DA:209,2
DA:210,1
DA:211,1
DA:213,1
DA:214,0
DA:216,0
DA:217,0
DA:218,0
DA:222,1
DA:223,1
DA:228,2
DA:229,1
DA:238,1
DA:239,6
DA:240,6
DA:241,6
DA:242,6
DA:243,6
DA:244,13
DA:245,13
DA:246,7
DA:247,7
DA:250,6
DA:251,6
DA:252,6
DA:261,1
DA:263,33
DA:271,1
DA:272,33
DA:282,1
DA:283,11
DA:284,0
DA:285,0
DA:287,11
DA:288,0
DA:289,0
DA:291,11
DA:292,11
DA:293,11
DA:294,11
DA:296,0
DA:298,0
DA:300,11
DA:309,1
DA:310,0
DA:311,0
DA:312,0
DA:313,0
DA:314,0
DA:315,0
DA:318,0
DA:328,1
DA:330,12
DA:331,0
DA:332,0
DA:334,12
DA:335,0
DA:336,0
DA:338,12
DA:339,12
DA:340,6
DA:342,6
DA:343,6
DA:344,6
DA:345,4
DA:355,1
DA:356,4
DA:357,0
DA:358,0
DA:360,4
DA:361,0
DA:362,0
DA:364,4
DA:365,4
DA:366,4
DA:367,4
DA:368,2
DA:378,1
DA:379,3
DA:383,1
DA:384,2
DA:385,2
DA:388,2
DA:390,0
DA:393,0
LF:151
LH:112
BRDA:59,1,0,2
BRDA:59,1,1,4
BRDA:61,2,0,3
BRDA:61,2,1,1
BRDA:64,3,0,2
BRDA:64,3,1,4
BRDA:78,4,0,1
BRDA:78,4,1,11
BRDA:115,5,0,2
BRDA:115,5,1,2
BRDA:124,6,0,1
BRDA:124,6,1,1
BRDA:124,7,0,2
BRDA:124,7,1,1
BRDA:136,8,0,2
BRDA:136,8,1,0
BRDA:137,9,0,0
BRDA:137,9,1,2
BRDA:137,10,0,2
BRDA:137,10,1,1
BRDA:154,11,0,1
BRDA:154,11,1,0
BRDA:154,11,2,1
BRDA:154,11,3,0
BRDA:156,12,0,1
BRDA:156,12,1,0
BRDA:164,13,0,0
BRDA:164,13,1,0
BRDA:171,14,0,1
BRDA:171,14,1,0
BRDA:190,15,0,0
BRDA:190,15,1,2
BRDA:191,16,0,2
BRDA:191,16,1,2
BRDA:210,17,0,1
BRDA:210,17,1,0
BRDA:211,18,0,1
BRDA:211,18,1,0
BRDA:211,19,0,1
BRDA:211,19,1,0
BRDA:211,19,2,1
BRDA:211,19,3,1
BRDA:213,20,0,0
BRDA:213,20,1,1
BRDA:214,21,0,0
BRDA:214,21,1,0
BRDA:217,22,0,0
BRDA:217,22,1,0
BRDA:228,23,0,1
BRDA:228,23,1,1
BRDA:245,24,0,7
BRDA:245,24,1,6
BRDA:283,25,0,0
BRDA:283,25,1,11
BRDA:283,26,0,11
BRDA:283,26,1,11
BRDA:287,27,0,0
BRDA:287,27,1,11
BRDA:294,28,0,0
BRDA:294,28,1,0
BRDA:313,29,0,0
BRDA:313,29,1,0
BRDA:330,30,0,0
BRDA:330,30,1,12
BRDA:330,31,0,12
BRDA:330,31,1,12
BRDA:334,32,0,0
BRDA:334,32,1,12
BRDA:339,33,0,6
BRDA:339,33,1,6
BRDA:344,34,0,4
BRDA:344,34,1,2
BRDA:356,35,0,0
BRDA:356,35,1,4
BRDA:356,36,0,4
BRDA:356,36,1,4
BRDA:360,37,0,0
BRDA:360,37,1,4
BRDA:367,38,0,2
BRDA:367,38,1,2
BRDA:379,39,0,1
BRDA:379,39,1,2
BRDA:379,40,0,3
BRDA:379,40,1,3
BRDA:379,40,2,3
BRDA:379,40,3,1
BRDA:384,41,0,2
BRDA:384,41,1,0
BRDA:385,42,0,2
BRDA:385,42,1,0
BRDA:385,43,0,2
BRDA:385,43,1,2
BRDA:385,43,2,2
BRF:93
BRH:64
end_of_record
TN:
SF:src\utils\stream_reader.js
FN:28,(anonymous_1)
FN:52,(anonymous_2)
FN:64,(anonymous_3)
FN:76,(anonymous_4)
FN:88,(anonymous_5)
FN:97,(anonymous_6)
FN:107,(anonymous_7)
FN:137,(anonymous_8)
FN:147,(anonymous_9)
FNF:9
FNH:4
FNDA:5,(anonymous_1)
FNDA:5,(anonymous_2)
FNDA:0,(anonymous_3)
FNDA:5,(anonymous_4)
FNDA:5,(anonymous_5)
FNDA:0,(anonymous_6)
FNDA:0,(anonymous_7)
FNDA:0,(anonymous_8)
FNDA:0,(anonymous_9)
DA:20,1
DA:22,1
DA:28,1
DA:30,5
DA:33,5
DA:36,5
DA:39,5
DA:42,5
DA:52,1
DA:53,5
DA:54,5
DA:64,1
DA:65,0
DA:66,0
DA:76,1
DA:77,5
DA:78,5
DA:88,1
DA:89,5
DA:90,5
DA:97,1
DA:98,0
DA:107,1
DA:108,0
DA:111,0
DA:113,0
DA:114,0
DA:115,0
DA:117,0
DA:119,0
DA:120,0
DA:121,0
DA:122,0
DA:125,0
DA:126,0
DA:128,0
DA:137,1
DA:138,0
DA:147,1
DA:148,0
DA:150,0
DA:151,0
DA:154,0
DA:155,0
DA:156,0
DA:157,0
DA:158,0
DA:162,0
DA:163,0
DA:164,0
DA:167,0
LF:51
LH:22
BRDA:77,1,0,0
BRDA:77,1,1,5
BRDA:113,2,0,0
BRDA:113,2,1,0
BRDA:114,3,0,0
BRDA:114,3,1,0
BRDA:120,4,0,0
BRDA:120,4,1,0
BRDA:154,5,0,0
BRDA:154,5,1,0
BRDA:156,6,0,0
BRDA:156,6,1,0
BRDA:162,7,0,0
BRDA:162,7,1,0
BRDA:162,8,0,0
BRDA:162,8,1,0
BRF:16
BRH:1
end_of_record
